_AKAMAI
2017_10.json: _AKAMAI  Domains: 73453 443open: 71812 (97.7600%) TLSany: 54565 (74.2800%) TLS13: 0 (0% / 0% / 0%),   	All_Zones  Domains: 6094675 TLSany: 1846780 TLS13: 185466) --> _AKAMAI hosts 0% of all TLS 1.3 domains (in any zone)
2017_11.json: _AKAMAI  Domains: 1805305 443open: 1671062 (92.5600%) TLSany: 1507143 (83.4800%) TLS13: 277 (.0100% / .0100% / .0100%),   	All_Zones  Domains: 147894465 TLSany: 30636115 TLS13: 2867545) --> _AKAMAI hosts 0% of all TLS 1.3 domains (in any zone)
2017_12.json: _AKAMAI  Domains: 1834589 443open: 1700101 (92.6600%) TLSany: 1538649 (83.8600%) TLS13: 152 (0% / 0% / 0%),   	All_Zones  Domains: 149974016 TLSany: 30903187 TLS13: 3029946) --> _AKAMAI hosts 0% of all TLS 1.3 domains (in any zone)
2018_01.json: _AKAMAI  Domains: 1867084 443open: 1735394 (92.9400%) TLSany: 1573467 (84.2700%) TLS13: 64 (0% / 0% / 0%),   	All_Zones  Domains: 154024781 TLSany: 31634314 TLS13: 3031797) --> _AKAMAI hosts 0% of all TLS 1.3 domains (in any zone)
2018_02.json: _AKAMAI  Domains: 545949 443open: 511884 (93.7600%) TLSany: 511682 (93.7200%) TLS13: 60 (.0100% / .0100% / .0100%),   	All_Zones  Domains: 80081037 TLSany: 26222583 TLS13: 1423793) --> _AKAMAI hosts 0% of all TLS 1.3 domains (in any zone)
2018_03.json: _AKAMAI  Domains: 1945416 443open: 1742512 (89.5700%) TLSany: 1742141 (89.5500%) TLS13: 176 (0% / .0100% / .0100%),   	All_Zones  Domains: 154654270 TLSany: 60909147 TLS13: 3328229) --> _AKAMAI hosts 0% of all TLS 1.3 domains (in any zone)
2018_04.json: _AKAMAI  Domains: 2317825 443open: 1741064 (75.1100%) TLSany: 1740295 (75.0800%) TLS13: 191 (0% / .0100% / .0100%),   	All_Zones  Domains: 155379778 TLSany: 61988125 TLS13: 3400762) --> _AKAMAI hosts 0% of all TLS 1.3 domains (in any zone)
2018_05.json: _AKAMAI  Domains: 2229343 443open: 1679376 (75.3300%) TLSany: 1678828 (75.3000%) TLS13: 238 (.0100% / .0100% / .0100%),   	All_Zones  Domains: 153578522 TLSany: 61449587 TLS13: 3510664) --> _AKAMAI hosts 0% of all TLS 1.3 domains (in any zone)
2018_06.json: _AKAMAI  Domains: 2035976 443open: 1584727 (77.8300%) TLSany: 1584092 (77.8000%) TLS13: 213 (.0100% / .0100% / .0100%),   	All_Zones  Domains: 142800639 TLSany: 57294272 TLS13: 3447381) --> _AKAMAI hosts 0% of all TLS 1.3 domains (in any zone)
2018_07.json: _AKAMAI  Domains: 2273382 443open: 2144119 (94.3100%) TLSany: 2142759 (94.2500%) TLS13: 656 (.0200% / .0300% / .0300%),   	All_Zones  Domains: 157533386 TLSany: 64174780 TLS13: 4934873) --> _AKAMAI hosts .0100% of all TLS 1.3 domains (in any zone)
2018_08.json: _AKAMAI  Domains: 2294847 443open: 2160130 (94.1200%) TLSany: 2158327 (94.0500%) TLS13: 414 (.0100% / .0100% / .0100%),   	All_Zones  Domains: 158181599 TLSany: 64402031 TLS13: 5249405) --> _AKAMAI hosts 0% of all TLS 1.3 domains (in any zone)
2018_09.json: _AKAMAI  Domains: 2436487 443open: 1744082 (71.5800%) TLSany: 1742951 (71.5300%) TLS13: 37 (0% / 0% / 0%),   	All_Zones  Domains: 165585288 TLSany: 64938250 TLS13: 5599576) --> _AKAMAI hosts 0% of all TLS 1.3 domains (in any zone)
2018_10.json: _AKAMAI  Domains: 2561074 443open: 1755829 (68.5500%) TLSany: 1754695 (68.5100%) TLS13: 7 (0% / 0% / 0%),   	All_Zones  Domains: 166563152 TLSany: 66915875 TLS13: 5496274) --> _AKAMAI hosts 0% of all TLS 1.3 domains (in any zone)
2018_11.json: _AKAMAI  Domains: 2524178 443open: 1719753 (68.1300%) TLSany: 1718153 (68.0600%) TLS13: 8 (0% / 0% / 0%),   	All_Zones  Domains: 164761448 TLSany: 64702657 TLS13: 5456567) --> _AKAMAI hosts 0% of all TLS 1.3 domains (in any zone)
2018_12.json: _AKAMAI  Domains: 2084059 443open: 1316925 (63.1900%) TLSany: 1315722 (63.1300%) TLS13: 32 (0% / 0% / 0%),   	All_Zones  Domains: 163955709 TLSany: 66377839 TLS13: 5630489) --> _AKAMAI hosts 0% of all TLS 1.3 domains (in any zone)
2019_01.json: _AKAMAI  Domains: 2071302 443open: 1298707 (62.7000%) TLSany: 1297501 (62.6400%) TLS13: 1 (0% / 0% / 0%),   	All_Zones  Domains: 163378461 TLSany: 67027318 TLS13: 4914039) --> _AKAMAI hosts 0% of all TLS 1.3 domains (in any zone)
2019_02.json: _AKAMAI  Domains: 1424519 443open: 955310 (67.0600%) TLSany: 953801 (66.9500%) TLS13: 22 (0% / 0% / 0%),   	All_Zones  Domains: 163382125 TLSany: 67119921 TLS13: 6168725) --> _AKAMAI hosts 0% of all TLS 1.3 domains (in any zone)
2019_03.json: _AKAMAI  Domains: 325094 443open: 119814 (36.8500%) TLSany: 118423 (36.4200%) TLS13: 210 (.0600% / .1700% / .1700%),   	All_Zones  Domains: 111285325 TLSany: 46365402 TLS13: 4771722) --> _AKAMAI hosts 0% of all TLS 1.3 domains (in any zone)
2019_04.json: _AKAMAI  Domains: 72697 443open: 47880 (65.8600%) TLSany: 46397 (63.8200%) TLS13: 463 (.6300% / .9600% / .9900%),   	All_Zones  Domains: 31333517 TLSany: 15697047 TLS13: 2053185) --> _AKAMAI hosts .0200% of all TLS 1.3 domains (in any zone)
2019_05.json: _AKAMAI  Domains: 292354 443open: 155123 (53.0500%) TLSany: 148421 (50.7600%) TLS13: 670 (.2200% / .4300% / .4500%),   	All_Zones  Domains: 160639683 TLSany: 71926578 TLS13: 8069646) --> _AKAMAI hosts 0% of all TLS 1.3 domains (in any zone)
2019_06.json: _AKAMAI  Domains: 116539 443open: 65377 (56.0900%) TLSany: 61883 (53.1000%) TLS13: 428 (.3600% / .6500% / .6900%),   	All_Zones  Domains: 48443633 TLSany: 22650999 TLS13: 2860825) --> _AKAMAI hosts .0100% of all TLS 1.3 domains (in any zone)
2019_07.json: _AKAMAI  Domains: 287073 443open: 154290 (53.7400%) TLSany: 146845 (51.1500%) TLS13: 1036 (.3600% / .6700% / .7000%),   	All_Zones  Domains: 165378055 TLSany: 73868718 TLS13: 10242784) --> _AKAMAI hosts .0100% of all TLS 1.3 domains (in any zone)
2019_08.json: _AKAMAI  Domains: 291322 443open: 154919 (53.1700%) TLSany: 147486 (50.6200%) TLS13: 1032 (.3500% / .6600% / .6900%),   	All_Zones  Domains: 164100009 TLSany: 73030412 TLS13: 10913704) --> _AKAMAI hosts 0% of all TLS 1.3 domains (in any zone)
2019_09.json: _AKAMAI  Domains: 288483 443open: 152022 (52.6900%) TLSany: 144707 (50.1600%) TLS13: 966 (.3300% / .6300% / .6600%),   	All_Zones  Domains: 163832774 TLSany: 73027856 TLS13: 11218079) --> _AKAMAI hosts 0% of all TLS 1.3 domains (in any zone)
2019_10.json: _AKAMAI  Domains: 284249 443open: 146443 (51.5100%) TLSany: 138783 (48.8200%) TLS13: 1147 (.4000% / .7800% / .8200%),   	All_Zones  Domains: 163708148 TLSany: 73469523 TLS13: 12583296) --> _AKAMAI hosts 0% of all TLS 1.3 domains (in any zone)
2019_11.json: _AKAMAI  Domains: 261273 443open: 133708 (51.1700%) TLSany: 125155 (47.9000%) TLS13: 13124 (5.0200% / 9.8100% / 10.4800%),   	All_Zones  Domains: 143552280 TLSany: 57802562 TLS13: 9606541) --> _AKAMAI hosts .1300% of all TLS 1.3 domains (in any zone)

_AMAZON
2017_10.json: _AMAZON  Domains: 233845 443open: 188502 (80.6000%) TLSany: 133713 (57.1800%) TLS13: 244 (.1000% / .1200% / .1800%),   	All_Zones  Domains: 6094675 TLSany: 1846780 TLS13: 185466) --> _AMAZON hosts .1300% of all TLS 1.3 domains (in any zone)
2017_11.json: _AMAZON  Domains: 10877049 443open: 5166921 (47.5000%) TLSany: 1540940 (14.1600%) TLS13: 2456 (.0200% / .0400% / .1500%),   	All_Zones  Domains: 147894465 TLSany: 30636115 TLS13: 2867545) --> _AMAZON hosts .0800% of all TLS 1.3 domains (in any zone)
2017_12.json: _AMAZON  Domains: 11307015 443open: 5384509 (47.6200%) TLSany: 1573318 (13.9100%) TLS13: 2563 (.0200% / .0400% / .1600%),   	All_Zones  Domains: 149974016 TLSany: 30903187 TLS13: 3029946) --> _AMAZON hosts .0800% of all TLS 1.3 domains (in any zone)
2018_01.json: _AMAZON  Domains: 11831928 443open: 5739692 (48.5100%) TLSany: 1890411 (15.9700%) TLS13: 1947 (.0100% / .0300% / .1000%),   	All_Zones  Domains: 154024781 TLSany: 31634314 TLS13: 3031797) --> _AMAZON hosts .0600% of all TLS 1.3 domains (in any zone)
2018_02.json: _AMAZON  Domains: 5717737 443open: 2748741 (48.0700%) TLSany: 2675232 (46.7800%) TLS13: 468 (0% / .0100% / .0100%),   	All_Zones  Domains: 80081037 TLSany: 26222583 TLS13: 1423793) --> _AMAZON hosts .0300% of all TLS 1.3 domains (in any zone)
2018_03.json: _AMAZON  Domains: 12425325 443open: 6210158 (49.9700%) TLSany: 6039676 (48.6000%) TLS13: 1424 (.0100% / .0200% / .0200%),   	All_Zones  Domains: 154654270 TLSany: 60909147 TLS13: 3328229) --> _AMAZON hosts .0400% of all TLS 1.3 domains (in any zone)
2018_04.json: _AMAZON  Domains: 13728306 443open: 6564870 (47.8100%) TLSany: 6397886 (46.6000%) TLS13: 1386 (.0100% / .0200% / .0200%),   	All_Zones  Domains: 155379778 TLSany: 61988125 TLS13: 3400762) --> _AMAZON hosts .0400% of all TLS 1.3 domains (in any zone)
2018_05.json: _AMAZON  Domains: 13136319 443open: 6593617 (50.1900%) TLSany: 6430936 (48.9500%) TLS13: 1378 (.0100% / .0200% / .0200%),   	All_Zones  Domains: 153578522 TLSany: 61449587 TLS13: 3510664) --> _AMAZON hosts .0300% of all TLS 1.3 domains (in any zone)
2018_06.json: _AMAZON  Domains: 12801089 443open: 6385023 (49.8700%) TLSany: 6241613 (48.7500%) TLS13: 1489 (.0100% / .0200% / .0200%),   	All_Zones  Domains: 142800639 TLSany: 57294272 TLS13: 3447381) --> _AMAZON hosts .0400% of all TLS 1.3 domains (in any zone)
2018_07.json: _AMAZON  Domains: 13389925 443open: 6899553 (51.5200%) TLSany: 6746712 (50.3800%) TLS13: 1871 (.0100% / .0200% / .0200%),   	All_Zones  Domains: 157533386 TLSany: 64174780 TLS13: 4934873) --> _AMAZON hosts .0300% of all TLS 1.3 domains (in any zone)
2018_08.json: _AMAZON  Domains: 13976377 443open: 7222908 (51.6700%) TLSany: 7057487 (50.4900%) TLS13: 1730 (.0100% / .0200% / .0200%),   	All_Zones  Domains: 158181599 TLSany: 64402031 TLS13: 5249405) --> _AMAZON hosts .0300% of all TLS 1.3 domains (in any zone)
2018_09.json: _AMAZON  Domains: 14286748 443open: 7316964 (51.2100%) TLSany: 7079833 (49.5500%) TLS13: 1737 (.0100% / .0200% / .0200%),   	All_Zones  Domains: 165585288 TLSany: 64938250 TLS13: 5599576) --> _AMAZON hosts .0300% of all TLS 1.3 domains (in any zone)
2018_10.json: _AMAZON  Domains: 14498583 443open: 8251505 (56.9100%) TLSany: 7982174 (55.0500%) TLS13: 1927 (.0100% / .0200% / .0200%),   	All_Zones  Domains: 166563152 TLSany: 66915875 TLS13: 5496274) --> _AMAZON hosts .0300% of all TLS 1.3 domains (in any zone)
2018_11.json: _AMAZON  Domains: 11107173 443open: 3906691 (35.1700%) TLSany: 3609239 (32.4900%) TLS13: 2025 (.0100% / .0500% / .0500%),   	All_Zones  Domains: 164761448 TLSany: 64702657 TLS13: 5456567) --> _AMAZON hosts .0300% of all TLS 1.3 domains (in any zone)
2018_12.json: _AMAZON  Domains: 10955753 443open: 3714267 (33.9000%) TLSany: 3458663 (31.5600%) TLS13: 2124 (.0100% / .0500% / .0600%),   	All_Zones  Domains: 163955709 TLSany: 66377839 TLS13: 5630489) --> _AMAZON hosts .0300% of all TLS 1.3 domains (in any zone)
2019_01.json: _AMAZON  Domains: 10904836 443open: 3664306 (33.6000%) TLSany: 3433948 (31.4900%) TLS13: 2045 (.0100% / .0500% / .0500%),   	All_Zones  Domains: 163378461 TLSany: 67027318 TLS13: 4914039) --> _AMAZON hosts .0400% of all TLS 1.3 domains (in any zone)
2019_02.json: _AMAZON  Domains: 10894354 443open: 3837716 (35.2200%) TLSany: 3618902 (33.2100%) TLS13: 33934 (.3100% / .8800% / .9300%),   	All_Zones  Domains: 163382125 TLSany: 67119921 TLS13: 6168725) --> _AMAZON hosts .5500% of all TLS 1.3 domains (in any zone)
2019_03.json: _AMAZON  Domains: 6146949 443open: 2423574 (39.4200%) TLSany: 2253734 (36.6600%) TLS13: 26421 (.4200% / 1.0900% / 1.1700%),   	All_Zones  Domains: 111285325 TLSany: 46365402 TLS13: 4771722) --> _AMAZON hosts .5500% of all TLS 1.3 domains (in any zone)
2019_04.json: _AMAZON  Domains: 1256040 443open: 839741 (66.8500%) TLSany: 792210 (63.0700%) TLS13: 12678 (1.0000% / 1.5000% / 1.6000%),   	All_Zones  Domains: 31333517 TLSany: 15697047 TLS13: 2053185) --> _AMAZON hosts .6100% of all TLS 1.3 domains (in any zone)
2019_05.json: _AMAZON  Domains: 10483931 443open: 3633922 (34.6600%) TLSany: 3374022 (32.1800%) TLS13: 62564 (.5900% / 1.7200% / 1.8500%),   	All_Zones  Domains: 160639683 TLSany: 71926578 TLS13: 8069646) --> _AMAZON hosts .7700% of all TLS 1.3 domains (in any zone)
2019_06.json: _AMAZON  Domains: 2605863 443open: 1126091 (43.2100%) TLSany: 1015679 (38.9700%) TLS13: 21160 (.8100% / 1.8700% / 2.0800%),   	All_Zones  Domains: 48443633 TLSany: 22650999 TLS13: 2860825) --> _AMAZON hosts .7300% of all TLS 1.3 domains (in any zone)
2019_07.json: _AMAZON  Domains: 11025248 443open: 3875433 (35.1500%) TLSany: 3560155 (32.2900%) TLS13: 85529 (.7700% / 2.2000% / 2.4000%),   	All_Zones  Domains: 165378055 TLSany: 73868718 TLS13: 10242784) --> _AMAZON hosts .8300% of all TLS 1.3 domains (in any zone)
2019_08.json: _AMAZON  Domains: 11305556 443open: 4082912 (36.1100%) TLSany: 3774885 (33.3800%) TLS13: 103510 (.9100% / 2.5300% / 2.7400%),   	All_Zones  Domains: 164100009 TLSany: 73030412 TLS13: 10913704) --> _AMAZON hosts .9400% of all TLS 1.3 domains (in any zone)
2019_09.json: _AMAZON  Domains: 11012714 443open: 4119116 (37.4000%) TLSany: 3807151 (34.5700%) TLS13: 109395 (.9900% / 2.6500% / 2.8700%),   	All_Zones  Domains: 163832774 TLSany: 73027856 TLS13: 11218079) --> _AMAZON hosts .9700% of all TLS 1.3 domains (in any zone)
2019_10.json: _AMAZON  Domains: 11072229 443open: 4580718 (41.3700%) TLSany: 4228875 (38.1900%) TLS13: 136026 (1.2200% / 2.9600% / 3.2100%),   	All_Zones  Domains: 163708148 TLSany: 73469523 TLS13: 12583296) --> _AMAZON hosts 1.0800% of all TLS 1.3 domains (in any zone)
2019_11.json: _AMAZON  Domains: 10096553 443open: 3706668 (36.7100%) TLSany: 3395314 (33.6200%) TLS13: 115106 (1.1400% / 3.1000% / 3.3900%),   	All_Zones  Domains: 143552280 TLSany: 57802562 TLS13: 9606541) --> _AMAZON hosts 1.1900% of all TLS 1.3 domains (in any zone)

_CLOUDFLARE
2017_10.json: _CLOUDFLARE  Domains: 156723 443open: 156658 (99.9500%) TLSany: 137786 (87.9100%) TLS13: 137786 (87.9100% / 87.9500% / 100.0000%),   	All_Zones  Domains: 6094675 TLSany: 1846780 TLS13: 185466) --> _CLOUDFLARE hosts 74.2900% of all TLS 1.3 domains (in any zone)
2017_11.json: _CLOUDFLARE  Domains: 2314397 443open: 2303142 (99.5100%) TLSany: 1809271 (78.1700%) TLS13: 1809271 (78.1700% / 78.5500% / 100.0000%),   	All_Zones  Domains: 147894465 TLSany: 30636115 TLS13: 2867545) --> _CLOUDFLARE hosts 63.0900% of all TLS 1.3 domains (in any zone)
2017_12.json: _CLOUDFLARE  Domains: 2447536 443open: 2429699 (99.2700%) TLSany: 1908401 (77.9700%) TLS13: 1908401 (77.9700% / 78.5400% / 100.0000%),   	All_Zones  Domains: 149974016 TLSany: 30903187 TLS13: 3029946) --> _CLOUDFLARE hosts 62.9800% of all TLS 1.3 domains (in any zone)
2018_01.json: _CLOUDFLARE  Domains: 2542901 443open: 2521387 (99.1500%) TLSany: 1853070 (72.8700%) TLS13: 1853070 (72.8700% / 73.4900% / 100.0000%),   	All_Zones  Domains: 154024781 TLSany: 31634314 TLS13: 3031797) --> _CLOUDFLARE hosts 61.1200% of all TLS 1.3 domains (in any zone)
2018_02.json: _CLOUDFLARE  Domains: 1067984 443open: 1067799 (99.9800%) TLSany: 914407 (85.6100%) TLS13: 797785 (74.7000% / 74.7100% / 87.2400%),   	All_Zones  Domains: 80081037 TLSany: 26222583 TLS13: 1423793) --> _CLOUDFLARE hosts 56.0300% of all TLS 1.3 domains (in any zone)
2018_03.json: _CLOUDFLARE  Domains: 2683294 443open: 2674363 (99.6600%) TLSany: 2327343 (86.7300%) TLS13: 2009939 (74.9000% / 75.1500% / 86.3600%),   	All_Zones  Domains: 154654270 TLSany: 60909147 TLS13: 3328229) --> _CLOUDFLARE hosts 60.3900% of all TLS 1.3 domains (in any zone)
2018_04.json: _CLOUDFLARE  Domains: 2802978 443open: 2795582 (99.7300%) TLSany: 2434670 (86.8600%) TLS13: 2069152 (73.8100% / 74.0100% / 84.9800%),   	All_Zones  Domains: 155379778 TLSany: 61988125 TLS13: 3400762) --> _CLOUDFLARE hosts 60.8400% of all TLS 1.3 domains (in any zone)
2018_05.json: _CLOUDFLARE  Domains: 2881449 443open: 2874952 (99.7700%) TLSany: 2523011 (87.5600%) TLS13: 2304320 (79.9700% / 80.1500% / 91.3300%),   	All_Zones  Domains: 153578522 TLSany: 61449587 TLS13: 3510664) --> _CLOUDFLARE hosts 65.6300% of all TLS 1.3 domains (in any zone)
2018_06.json: _CLOUDFLARE  Domains: 2842096 443open: 2837459 (99.8300%) TLSany: 2523306 (88.7800%) TLS13: 2315034 (81.4500% / 81.5800% / 91.7400%),   	All_Zones  Domains: 142800639 TLSany: 57294272 TLS13: 3447381) --> _CLOUDFLARE hosts 67.1500% of all TLS 1.3 domains (in any zone)
2018_07.json: _CLOUDFLARE  Domains: 3239818 443open: 3233885 (99.8100%) TLSany: 2900179 (89.5100%) TLS13: 2659999 (82.1000% / 82.2500% / 91.7100%),   	All_Zones  Domains: 157533386 TLSany: 64174780 TLS13: 4934873) --> _CLOUDFLARE hosts 53.9000% of all TLS 1.3 domains (in any zone)
2018_08.json: _CLOUDFLARE  Domains: 3506129 443open: 3500410 (99.8300%) TLSany: 3104891 (88.5500%) TLS13: 2822009 (80.4800% / 80.6100% / 90.8800%),   	All_Zones  Domains: 158181599 TLSany: 64402031 TLS13: 5249405) --> _CLOUDFLARE hosts 53.7500% of all TLS 1.3 domains (in any zone)
2018_09.json: _CLOUDFLARE  Domains: 3903348 443open: 3891224 (99.6800%) TLSany: 3442550 (88.1900%) TLS13: 3101762 (79.4600% / 79.7100% / 90.1000%),   	All_Zones  Domains: 165585288 TLSany: 64938250 TLS13: 5599576) --> _CLOUDFLARE hosts 55.3900% of all TLS 1.3 domains (in any zone)
2018_10.json: _CLOUDFLARE  Domains: 3901233 443open: 3896314 (99.8700%) TLSany: 3475251 (89.0800%) TLS13: 3087110 (79.1300% / 79.2300% / 88.8300%),   	All_Zones  Domains: 166563152 TLSany: 66915875 TLS13: 5496274) --> _CLOUDFLARE hosts 56.1600% of all TLS 1.3 domains (in any zone)
2018_11.json: _CLOUDFLARE  Domains: 3872130 443open: 3859787 (99.6800%) TLSany: 3469779 (89.6000%) TLS13: 3065361 (79.1600% / 79.4100% / 88.3400%),   	All_Zones  Domains: 164761448 TLSany: 64702657 TLS13: 5456567) --> _CLOUDFLARE hosts 56.1700% of all TLS 1.3 domains (in any zone)
2018_12.json: _CLOUDFLARE  Domains: 3970975 443open: 3966242 (99.8800%) TLSany: 3592455 (90.4600%) TLS13: 3178170 (80.0300% / 80.1300% / 88.4600%),   	All_Zones  Domains: 163955709 TLSany: 66377839 TLS13: 5630489) --> _CLOUDFLARE hosts 56.4400% of all TLS 1.3 domains (in any zone)
2019_01.json: _CLOUDFLARE  Domains: 4018780 443open: 4015114 (99.9000%) TLSany: 3683267 (91.6500%) TLS13: 2446942 (60.8800% / 60.9400% / 66.4300%),   	All_Zones  Domains: 163378461 TLSany: 67027318 TLS13: 4914039) --> _CLOUDFLARE hosts 49.7900% of all TLS 1.3 domains (in any zone)
2019_02.json: _CLOUDFLARE  Domains: 4156070 443open: 4153753 (99.9400%) TLSany: 3849718 (92.6200%) TLS13: 2713851 (65.2900% / 65.3300% / 70.4900%),   	All_Zones  Domains: 163382125 TLSany: 67119921 TLS13: 6168725) --> _CLOUDFLARE hosts 43.9900% of all TLS 1.3 domains (in any zone)
2019_03.json: _CLOUDFLARE  Domains: 2874492 443open: 2873750 (99.9700%) TLSany: 2526973 (87.9100%) TLS13: 2258136 (78.5500% / 78.5700% / 89.3600%),   	All_Zones  Domains: 111285325 TLSany: 46365402 TLS13: 4771722) --> _CLOUDFLARE hosts 47.3200% of all TLS 1.3 domains (in any zone)
2019_04.json: _CLOUDFLARE  Domains: 1328377 443open: 1327340 (99.9200%) TLSany: 1165084 (87.7000%) TLS13: 1067809 (80.3800% / 80.4400% / 91.6500%),   	All_Zones  Domains: 31333517 TLSany: 15697047 TLS13: 2053185) --> _CLOUDFLARE hosts 52.0000% of all TLS 1.3 domains (in any zone)
2019_05.json: _CLOUDFLARE  Domains: 5163889 443open: 5154492 (99.8100%) TLSany: 4793800 (92.8300%) TLS13: 3354733 (64.9600% / 65.0800% / 69.9800%),   	All_Zones  Domains: 160639683 TLSany: 71926578 TLS13: 8069646) --> _CLOUDFLARE hosts 41.5700% of all TLS 1.3 domains (in any zone)
2019_06.json: _CLOUDFLARE  Domains: 1569434 443open: 1276977 (81.3600%) TLSany: 1187246 (75.6400%) TLS13: 1081459 (68.9000% / 84.6800% / 91.0800%),   	All_Zones  Domains: 48443633 TLSany: 22650999 TLS13: 2860825) --> _CLOUDFLARE hosts 37.8000% of all TLS 1.3 domains (in any zone)
2019_07.json: _CLOUDFLARE  Domains: 6636744 443open: 5337479 (80.4200%) TLSany: 4475827 (67.4400%) TLS13: 4093828 (61.6800% / 76.6900% / 91.4600%),   	All_Zones  Domains: 165378055 TLSany: 73868718 TLS13: 10242784) --> _CLOUDFLARE hosts 39.9600% of all TLS 1.3 domains (in any zone)
2019_08.json: _CLOUDFLARE  Domains: 6834335 443open: 5521634 (80.7900%) TLSany: 4514336 (66.0500%) TLS13: 4136368 (60.5200% / 74.9100% / 91.6200%),   	All_Zones  Domains: 164100009 TLSany: 73030412 TLS13: 10913704) --> _CLOUDFLARE hosts 37.9000% of all TLS 1.3 domains (in any zone)
2019_09.json: _CLOUDFLARE  Domains: 6887851 443open: 5538375 (80.4000%) TLSany: 4564219 (66.2600%) TLS13: 4185847 (60.7700% / 75.5700% / 91.7100%),   	All_Zones  Domains: 163832774 TLSany: 73027856 TLS13: 11218079) --> _CLOUDFLARE hosts 37.3100% of all TLS 1.3 domains (in any zone)
2019_10.json: _CLOUDFLARE  Domains: 6495890 443open: 5085588 (78.2800%) TLSany: 4581968 (70.5300%) TLS13: 4210025 (64.8100% / 82.7800% / 91.8800%),   	All_Zones  Domains: 163708148 TLSany: 73469523 TLS13: 12583296) --> _CLOUDFLARE hosts 33.4500% of all TLS 1.3 domains (in any zone)
2019_11.json: _CLOUDFLARE  Domains: 5103087 443open: 3797719 (74.4200%) TLSany: 3516633 (68.9100%) TLS13: 3171874 (62.1500% / 83.5200% / 90.1900%),   	All_Zones  Domains: 143552280 TLSany: 57802562 TLS13: 9606541) --> _CLOUDFLARE hosts 33.0100% of all TLS 1.3 domains (in any zone)

_DIGITALOCEAN
2017_10.json: _DIGITALOCEAN  Domains: 35016 443open: 23006 (65.7000%) TLSany: 10099 (28.8400%) TLS13: 21 (.0500% / .0900% / .2000%),   	All_Zones  Domains: 6094675 TLSany: 1846780 TLS13: 185466) --> _DIGITALOCEAN hosts .0100% of all TLS 1.3 domains (in any zone)
2017_11.json: _DIGITALOCEAN  Domains: 679822 443open: 365986 (53.8300%) TLSany: 193180 (28.4100%) TLS13: 512 (.0700% / .1300% / .2600%),   	All_Zones  Domains: 147894465 TLSany: 30636115 TLS13: 2867545) --> _DIGITALOCEAN hosts .0100% of all TLS 1.3 domains (in any zone)
2017_12.json: _DIGITALOCEAN  Domains: 703262 443open: 382133 (54.3300%) TLSany: 193874 (27.5600%) TLS13: 469 (.0600% / .1200% / .2400%),   	All_Zones  Domains: 149974016 TLSany: 30903187 TLS13: 3029946) --> _DIGITALOCEAN hosts .0100% of all TLS 1.3 domains (in any zone)
2018_01.json: _DIGITALOCEAN  Domains: 719168 443open: 389241 (54.1200%) TLSany: 199699 (27.7600%) TLS13: 270 (.0300% / .0600% / .1300%),   	All_Zones  Domains: 154024781 TLSany: 31634314 TLS13: 3031797) --> _DIGITALOCEAN hosts 0% of all TLS 1.3 domains (in any zone)
2018_02.json: _DIGITALOCEAN  Domains: 307745 443open: 175619 (57.0600%) TLSany: 160800 (52.2500%) TLS13: 103 (.0300% / .0500% / .0600%),   	All_Zones  Domains: 80081037 TLSany: 26222583 TLS13: 1423793) --> _DIGITALOCEAN hosts 0% of all TLS 1.3 domains (in any zone)
2018_03.json: _DIGITALOCEAN  Domains: 663354 443open: 377717 (56.9400%) TLSany: 363847 (54.8400%) TLS13: 321 (.0400% / .0800% / .0800%),   	All_Zones  Domains: 154654270 TLSany: 60909147 TLS13: 3328229) --> _DIGITALOCEAN hosts 0% of all TLS 1.3 domains (in any zone)
2018_04.json: _DIGITALOCEAN  Domains: 790376 443open: 452133 (57.2000%) TLSany: 432583 (54.7300%) TLS13: 481 (.0600% / .1000% / .1100%),   	All_Zones  Domains: 155379778 TLSany: 61988125 TLS13: 3400762) --> _DIGITALOCEAN hosts .0100% of all TLS 1.3 domains (in any zone)
2018_05.json: _DIGITALOCEAN  Domains: 792575 443open: 467132 (58.9300%) TLSany: 445409 (56.1900%) TLS13: 512 (.0600% / .1000% / .1100%),   	All_Zones  Domains: 153578522 TLSany: 61449587 TLS13: 3510664) --> _DIGITALOCEAN hosts .0100% of all TLS 1.3 domains (in any zone)
2018_06.json: _DIGITALOCEAN  Domains: 751344 443open: 453258 (60.3200%) TLSany: 433475 (57.6900%) TLS13: 466 (.0600% / .1000% / .1000%),   	All_Zones  Domains: 142800639 TLSany: 57294272 TLS13: 3447381) --> _DIGITALOCEAN hosts .0100% of all TLS 1.3 domains (in any zone)
2018_07.json: _DIGITALOCEAN  Domains: 935877 443open: 533339 (56.9800%) TLSany: 511007 (54.6000%) TLS13: 631 (.0600% / .1100% / .1200%),   	All_Zones  Domains: 157533386 TLSany: 64174780 TLS13: 4934873) --> _DIGITALOCEAN hosts .0100% of all TLS 1.3 domains (in any zone)
2018_08.json: _DIGITALOCEAN  Domains: 959854 443open: 557550 (58.0800%) TLSany: 534692 (55.7000%) TLS13: 625 (.0600% / .1100% / .1100%),   	All_Zones  Domains: 158181599 TLSany: 64402031 TLS13: 5249405) --> _DIGITALOCEAN hosts .0100% of all TLS 1.3 domains (in any zone)
2018_09.json: _DIGITALOCEAN  Domains: 1003266 443open: 595686 (59.3700%) TLSany: 574174 (57.2300%) TLS13: 599 (.0500% / .1000% / .1000%),   	All_Zones  Domains: 165585288 TLSany: 64938250 TLS13: 5599576) --> _DIGITALOCEAN hosts .0100% of all TLS 1.3 domains (in any zone)
2018_10.json: _DIGITALOCEAN  Domains: 1038693 443open: 626521 (60.3100%) TLSany: 601140 (57.8700%) TLS13: 617 (.0500% / .0900% / .1000%),   	All_Zones  Domains: 166563152 TLSany: 66915875 TLS13: 5496274) --> _DIGITALOCEAN hosts .0100% of all TLS 1.3 domains (in any zone)
2018_11.json: _DIGITALOCEAN  Domains: 1045134 443open: 616585 (58.9900%) TLSany: 592561 (56.6900%) TLS13: 2695 (.2500% / .4300% / .4500%),   	All_Zones  Domains: 164761448 TLSany: 64702657 TLS13: 5456567) --> _DIGITALOCEAN hosts .0400% of all TLS 1.3 domains (in any zone)
2018_12.json: _DIGITALOCEAN  Domains: 1068391 443open: 647627 (60.6100%) TLSany: 622438 (58.2500%) TLS13: 2997 (.2800% / .4600% / .4800%),   	All_Zones  Domains: 163955709 TLSany: 66377839 TLS13: 5630489) --> _DIGITALOCEAN hosts .0500% of all TLS 1.3 domains (in any zone)
2019_01.json: _DIGITALOCEAN  Domains: 1078754 443open: 669728 (62.0800%) TLSany: 647572 (60.0200%) TLS13: 3213 (.2900% / .4700% / .4900%),   	All_Zones  Domains: 163378461 TLSany: 67027318 TLS13: 4914039) --> _DIGITALOCEAN hosts .0600% of all TLS 1.3 domains (in any zone)
2019_02.json: _DIGITALOCEAN  Domains: 1075846 443open: 670794 (62.3500%) TLSany: 648070 (60.2300%) TLS13: 52100 (4.8400% / 7.7600% / 8.0300%),   	All_Zones  Domains: 163382125 TLSany: 67119921 TLS13: 6168725) --> _DIGITALOCEAN hosts .8400% of all TLS 1.3 domains (in any zone)
2019_03.json: _DIGITALOCEAN  Domains: 749434 443open: 503604 (67.1900%) TLSany: 449557 (59.9800%) TLS13: 49651 (6.6200% / 9.8500% / 11.0400%),   	All_Zones  Domains: 111285325 TLSany: 46365402 TLS13: 4771722) --> _DIGITALOCEAN hosts 1.0400% of all TLS 1.3 domains (in any zone)
2019_04.json: _DIGITALOCEAN  Domains: 239531 443open: 186615 (77.9000%) TLSany: 174100 (72.6800%) TLS13: 25215 (10.5200% / 13.5100% / 14.4800%),   	All_Zones  Domains: 31333517 TLSany: 15697047 TLS13: 2053185) --> _DIGITALOCEAN hosts 1.2200% of all TLS 1.3 domains (in any zone)
2019_05.json: _DIGITALOCEAN  Domains: 1181229 443open: 891813 (75.4900%) TLSany: 794406 (67.2500%) TLS13: 96798 (8.1900% / 10.8500% / 12.1800%),   	All_Zones  Domains: 160639683 TLSany: 71926578 TLS13: 8069646) --> _DIGITALOCEAN hosts 1.1900% of all TLS 1.3 domains (in any zone)
2019_06.json: _DIGITALOCEAN  Domains: 320169 443open: 251552 (78.5600%) TLSany: 241723 (75.4900%) TLS13: 32928 (10.2800% / 13.0800% / 13.6200%),   	All_Zones  Domains: 48443633 TLSany: 22650999 TLS13: 2860825) --> _DIGITALOCEAN hosts 1.1500% of all TLS 1.3 domains (in any zone)
2019_07.json: _DIGITALOCEAN  Domains: 1198671 443open: 891432 (74.3600%) TLSany: 871793 (72.7200%) TLS13: 137081 (11.4300% / 15.3700% / 15.7200%),   	All_Zones  Domains: 165378055 TLSany: 73868718 TLS13: 10242784) --> _DIGITALOCEAN hosts 1.3300% of all TLS 1.3 domains (in any zone)
2019_08.json: _DIGITALOCEAN  Domains: 1216855 443open: 902228 (74.1400%) TLSany: 884597 (72.6900%) TLS13: 166284 (13.6600% / 18.4300% / 18.7900%),   	All_Zones  Domains: 164100009 TLSany: 73030412 TLS13: 10913704) --> _DIGITALOCEAN hosts 1.5200% of all TLS 1.3 domains (in any zone)
2019_09.json: _DIGITALOCEAN  Domains: 1217263 443open: 905729 (74.4000%) TLSany: 885291 (72.7200%) TLS13: 178907 (14.6900% / 19.7500% / 20.2000%),   	All_Zones  Domains: 163832774 TLSany: 73027856 TLS13: 11218079) --> _DIGITALOCEAN hosts 1.5900% of all TLS 1.3 domains (in any zone)
2019_10.json: _DIGITALOCEAN  Domains: 1141331 443open: 837121 (73.3400%) TLSany: 814331 (71.3400%) TLS13: 188839 (16.5400% / 22.5500% / 23.1800%),   	All_Zones  Domains: 163708148 TLSany: 73469523 TLS13: 12583296) --> _DIGITALOCEAN hosts 1.5000% of all TLS 1.3 domains (in any zone)
2019_11.json: _DIGITALOCEAN  Domains: 921818 443open: 701953 (76.1400%) TLSany: 681535 (73.9300%) TLS13: 164609 (17.8500% / 23.4500% / 24.1500%),   	All_Zones  Domains: 143552280 TLSany: 57802562 TLS13: 9606541) --> _DIGITALOCEAN hosts 1.7100% of all TLS 1.3 domains (in any zone)

_FACEBOOK
2017_10.json: _FACEBOOK  Domains: 96 443open: 59 (61.4500%) TLSany: 2 (2.0800%) TLS13: 2 (2.0800% / 3.3800% / 100.0000%),   	All_Zones  Domains: 6094675 TLSany: 1846780 TLS13: 185466) --> _FACEBOOK hosts 0% of all TLS 1.3 domains (in any zone)
2017_11.json: _FACEBOOK  Domains: 3068 443open: 550 (17.9200%) TLSany: 74 (2.4100%) TLS13: 69 (2.2400% / 12.5400% / 93.2400%),   	All_Zones  Domains: 147894465 TLSany: 30636115 TLS13: 2867545) --> _FACEBOOK hosts 0% of all TLS 1.3 domains (in any zone)
2017_12.json: _FACEBOOK  Domains: 5006 443open: 1065 (21.2700%) TLSany: 95 (1.8900%) TLS13: 90 (1.7900% / 8.4500% / 94.7300%),   	All_Zones  Domains: 149974016 TLSany: 30903187 TLS13: 3029946) --> _FACEBOOK hosts 0% of all TLS 1.3 domains (in any zone)
2018_01.json: _FACEBOOK  Domains: 5517 443open: 926 (16.7800%) TLSany: 135 (2.4400%) TLS13: 120 (2.1700% / 12.9500% / 88.8800%),   	All_Zones  Domains: 154024781 TLSany: 31634314 TLS13: 3031797) --> _FACEBOOK hosts 0% of all TLS 1.3 domains (in any zone)
2018_02.json: _FACEBOOK  Domains: 3038 443open: 995 (32.7500%) TLSany: 977 (32.1500%) TLS13: 82 (2.6900% / 8.2400% / 8.3900%),   	All_Zones  Domains: 80081037 TLSany: 26222583 TLS13: 1423793) --> _FACEBOOK hosts 0% of all TLS 1.3 domains (in any zone)
2018_03.json: _FACEBOOK  Domains: 7386 443open: 4862 (65.8200%) TLSany: 4847 (65.6200%) TLS13: 2552 (34.5500% / 52.4800% / 52.6500%),   	All_Zones  Domains: 154654270 TLSany: 60909147 TLS13: 3328229) --> _FACEBOOK hosts .0700% of all TLS 1.3 domains (in any zone)
2018_04.json: _FACEBOOK  Domains: 8775 443open: 5431 (61.8900%) TLSany: 5402 (61.5600%) TLS13: 4665 (53.1600% / 85.8900% / 86.3500%),   	All_Zones  Domains: 155379778 TLSany: 61988125 TLS13: 3400762) --> _FACEBOOK hosts .1300% of all TLS 1.3 domains (in any zone)
2018_05.json: _FACEBOOK  Domains: 9377 443open: 5753 (61.3500%) TLSany: 5734 (61.1400%) TLS13: 5065 (54.0100% / 88.0400% / 88.3300%),   	All_Zones  Domains: 153578522 TLSany: 61449587 TLS13: 3510664) --> _FACEBOOK hosts .1400% of all TLS 1.3 domains (in any zone)
2018_06.json: _FACEBOOK  Domains: 10079 443open: 6650 (65.9700%) TLSany: 6633 (65.8100%) TLS13: 5889 (58.4200% / 88.5500% / 88.7800%),   	All_Zones  Domains: 142800639 TLSany: 57294272 TLS13: 3447381) --> _FACEBOOK hosts .1700% of all TLS 1.3 domains (in any zone)
2018_07.json: _FACEBOOK  Domains: 10863 443open: 6883 (63.3600%) TLSany: 6862 (63.1600%) TLS13: 6045 (55.6400% / 87.8200% / 88.0900%),   	All_Zones  Domains: 157533386 TLSany: 64174780 TLS13: 4934873) --> _FACEBOOK hosts .1200% of all TLS 1.3 domains (in any zone)
2018_08.json: _FACEBOOK  Domains: 10549 443open: 5928 (56.1900%) TLSany: 5864 (55.5800%) TLS13: 5093 (48.2700% / 85.9100% / 86.8500%),   	All_Zones  Domains: 158181599 TLSany: 64402031 TLS13: 5249405) --> _FACEBOOK hosts .0900% of all TLS 1.3 domains (in any zone)
2018_09.json: _FACEBOOK  Domains: 10195 443open: 6928 (67.9500%) TLSany: 6892 (67.6000%) TLS13: 5933 (58.1900% / 85.6300% / 86.0800%),   	All_Zones  Domains: 165585288 TLSany: 64938250 TLS13: 5599576) --> _FACEBOOK hosts .1000% of all TLS 1.3 domains (in any zone)
2018_10.json: _FACEBOOK  Domains: 9915 443open: 6451 (65.0600%) TLSany: 6403 (64.5700%) TLS13: 6096 (61.4800% / 94.4900% / 95.2000%),   	All_Zones  Domains: 166563152 TLSany: 66915875 TLS13: 5496274) --> _FACEBOOK hosts .1100% of all TLS 1.3 domains (in any zone)
2018_11.json: _FACEBOOK  Domains: 10299 443open: 4947 (48.0300%) TLSany: 4619 (44.8400%) TLS13: 4585 (44.5100% / 92.6800% / 99.2600%),   	All_Zones  Domains: 164761448 TLSany: 64702657 TLS13: 5456567) --> _FACEBOOK hosts .0800% of all TLS 1.3 domains (in any zone)
2018_12.json: _FACEBOOK  Domains: 10854 443open: 6310 (58.1300%) TLSany: 6230 (57.3900%) TLS13: 6135 (56.5200% / 97.2200% / 98.4700%),   	All_Zones  Domains: 163955709 TLSany: 66377839 TLS13: 5630489) --> _FACEBOOK hosts .1000% of all TLS 1.3 domains (in any zone)
2019_01.json: _FACEBOOK  Domains: 10657 443open: 7151 (67.1000%) TLSany: 7116 (66.7700%) TLS13: 6945 (65.1600% / 97.1100% / 97.5900%),   	All_Zones  Domains: 163378461 TLSany: 67027318 TLS13: 4914039) --> _FACEBOOK hosts .1400% of all TLS 1.3 domains (in any zone)
2019_02.json: _FACEBOOK  Domains: 11358 443open: 7086 (62.3800%) TLSany: 7019 (61.7900%) TLS13: 6886 (60.6200% / 97.1700% / 98.1000%),   	All_Zones  Domains: 163382125 TLSany: 67119921 TLS13: 6168725) --> _FACEBOOK hosts .1100% of all TLS 1.3 domains (in any zone)
2019_03.json: _FACEBOOK  Domains: 6624 443open: 3263 (49.2600%) TLSany: 2641 (39.8700%) TLS13: 2633 (39.7400% / 80.6900% / 99.6900%),   	All_Zones  Domains: 111285325 TLSany: 46365402 TLS13: 4771722) --> _FACEBOOK hosts .0500% of all TLS 1.3 domains (in any zone)
2019_04.json: _FACEBOOK  Domains: 955 443open: 687 (71.9300%) TLSany: 660 (69.1000%) TLS13: 646 (67.6400% / 94.0300% / 97.8700%),   	All_Zones  Domains: 31333517 TLSany: 15697047 TLS13: 2053185) --> _FACEBOOK hosts .0300% of all TLS 1.3 domains (in any zone)
2019_05.json: _FACEBOOK  Domains: 11660 443open: 5684 (48.7400%) TLSany: 5552 (47.6100%) TLS13: 5462 (46.8400% / 96.0900% / 98.3700%),   	All_Zones  Domains: 160639683 TLSany: 71926578 TLS13: 8069646) --> _FACEBOOK hosts .0600% of all TLS 1.3 domains (in any zone)
2019_06.json: _FACEBOOK  Domains: 4274 443open: 2123 (49.6700%) TLSany: 1724 (40.3300%) TLS13: 1724 (40.3300% / 81.2000% / 100.0000%),   	All_Zones  Domains: 48443633 TLSany: 22650999 TLS13: 2860825) --> _FACEBOOK hosts .0600% of all TLS 1.3 domains (in any zone)
2019_07.json: _FACEBOOK  Domains: 18379 443open: 11877 (64.6200%) TLSany: 11815 (64.2800%) TLS13: 11722 (63.7700% / 98.6900% / 99.2100%),   	All_Zones  Domains: 165378055 TLSany: 73868718 TLS13: 10242784) --> _FACEBOOK hosts .1100% of all TLS 1.3 domains (in any zone)
2019_08.json: _FACEBOOK  Domains: 18945 443open: 11409 (60.2200%) TLSany: 11348 (59.8900%) TLS13: 11219 (59.2100% / 98.3300% / 98.8600%),   	All_Zones  Domains: 164100009 TLSany: 73030412 TLS13: 10913704) --> _FACEBOOK hosts .1000% of all TLS 1.3 domains (in any zone)
2019_09.json: _FACEBOOK  Domains: 20837 443open: 12838 (61.6100%) TLSany: 12772 (61.2900%) TLS13: 12624 (60.5800% / 98.3300% / 98.8400%),   	All_Zones  Domains: 163832774 TLSany: 73027856 TLS13: 11218079) --> _FACEBOOK hosts .1100% of all TLS 1.3 domains (in any zone)
2019_10.json: _FACEBOOK  Domains: 21266 443open: 11969 (56.2800%) TLSany: 11853 (55.7300%) TLS13: 11728 (55.1400% / 97.9800% / 98.9400%),   	All_Zones  Domains: 163708148 TLSany: 73469523 TLS13: 12583296) --> _FACEBOOK hosts .0900% of all TLS 1.3 domains (in any zone)
2019_11.json: _FACEBOOK  Domains: 20735 443open: 8957 (43.1900%) TLSany: 8048 (38.8100%) TLS13: 8001 (38.5800% / 89.3200% / 99.4100%),   	All_Zones  Domains: 143552280 TLSany: 57802562 TLS13: 9606541) --> _FACEBOOK hosts .0800% of all TLS 1.3 domains (in any zone)

_GODADDY
2017_10.json: _GODADDY  Domains: 309343 443open: 206751 (66.8300%) TLSany: 76236 (24.6400%) TLS13: 6 (0% / 0% / 0%),   	All_Zones  Domains: 6094675 TLSany: 1846780 TLS13: 185466) --> _GODADDY hosts 0% of all TLS 1.3 domains (in any zone)
2017_11.json: _GODADDY  Domains: 37488217 443open: 6129225 (16.3400%) TLSany: 1295121 (3.4500%) TLS13: 315 (0% / 0% / .0200%),   	All_Zones  Domains: 147894465 TLSany: 30636115 TLS13: 2867545) --> _GODADDY hosts .0100% of all TLS 1.3 domains (in any zone)
2017_12.json: _GODADDY  Domains: 37714828 443open: 6127659 (16.2400%) TLSany: 1287439 (3.4100%) TLS13: 305 (0% / 0% / .0200%),   	All_Zones  Domains: 149974016 TLSany: 30903187 TLS13: 3029946) --> _GODADDY hosts .0100% of all TLS 1.3 domains (in any zone)
2018_01.json: _GODADDY  Domains: 38197070 443open: 6112023 (16.0000%) TLSany: 1309111 (3.4200%) TLS13: 133 (0% / 0% / .0100%),   	All_Zones  Domains: 154024781 TLSany: 31634314 TLS13: 3031797) --> _GODADDY hosts 0% of all TLS 1.3 domains (in any zone)
2018_02.json: _GODADDY  Domains: 13940749 443open: 2312873 (16.5900%) TLSany: 1753654 (12.5700%) TLS13: 4 (0% / 0% / 0%),   	All_Zones  Domains: 80081037 TLSany: 26222583 TLS13: 1423793) --> _GODADDY hosts 0% of all TLS 1.3 domains (in any zone)
2018_03.json: _GODADDY  Domains: 38297851 443open: 6220483 (16.2400%) TLSany: 4616028 (12.0500%) TLS13: 28 (0% / 0% / 0%),   	All_Zones  Domains: 154654270 TLSany: 60909147 TLS13: 3328229) --> _GODADDY hosts 0% of all TLS 1.3 domains (in any zone)
2018_04.json: _GODADDY  Domains: 38369409 443open: 6224236 (16.2200%) TLSany: 4615804 (12.0200%) TLS13: 20 (0% / 0% / 0%),   	All_Zones  Domains: 155379778 TLSany: 61988125 TLS13: 3400762) --> _GODADDY hosts 0% of all TLS 1.3 domains (in any zone)
2018_05.json: _GODADDY  Domains: 37941682 443open: 6169996 (16.2600%) TLSany: 4589762 (12.0900%) TLS13: 18 (0% / 0% / 0%),   	All_Zones  Domains: 153578522 TLSany: 61449587 TLS13: 3510664) --> _GODADDY hosts 0% of all TLS 1.3 domains (in any zone)
2018_06.json: _GODADDY  Domains: 35010225 443open: 5905533 (16.8600%) TLSany: 4446251 (12.6900%) TLS13: 90 (0% / 0% / 0%),   	All_Zones  Domains: 142800639 TLSany: 57294272 TLS13: 3447381) --> _GODADDY hosts 0% of all TLS 1.3 domains (in any zone)
2018_07.json: _GODADDY  Domains: 38264231 443open: 6142991 (16.0500%) TLSany: 4626696 (12.0900%) TLS13: 273 (0% / 0% / 0%),   	All_Zones  Domains: 157533386 TLSany: 64174780 TLS13: 4934873) --> _GODADDY hosts 0% of all TLS 1.3 domains (in any zone)
2018_08.json: _GODADDY  Domains: 37831109 443open: 5448729 (14.4000%) TLSany: 4045477 (10.6900%) TLS13: 105 (0% / 0% / 0%),   	All_Zones  Domains: 158181599 TLSany: 64402031 TLS13: 5249405) --> _GODADDY hosts 0% of all TLS 1.3 domains (in any zone)
2018_09.json: _GODADDY  Domains: 38855085 443open: 5816362 (14.9600%) TLSany: 4433090 (11.4000%) TLS13: 64 (0% / 0% / 0%),   	All_Zones  Domains: 165585288 TLSany: 64938250 TLS13: 5599576) --> _GODADDY hosts 0% of all TLS 1.3 domains (in any zone)
2018_10.json: _GODADDY  Domains: 39051276 443open: 5885447 (15.0700%) TLSany: 4453039 (11.4000%) TLS13: 44 (0% / 0% / 0%),   	All_Zones  Domains: 166563152 TLSany: 66915875 TLS13: 5496274) --> _GODADDY hosts 0% of all TLS 1.3 domains (in any zone)
2018_11.json: _GODADDY  Domains: 38883148 443open: 6018378 (15.4700%) TLSany: 4585254 (11.7900%) TLS13: 56 (0% / 0% / 0%),   	All_Zones  Domains: 164761448 TLSany: 64702657 TLS13: 5456567) --> _GODADDY hosts 0% of all TLS 1.3 domains (in any zone)
2018_12.json: _GODADDY  Domains: 38699966 443open: 5821589 (15.0400%) TLSany: 4432089 (11.4500%) TLS13: 42 (0% / 0% / 0%),   	All_Zones  Domains: 163955709 TLSany: 66377839 TLS13: 5630489) --> _GODADDY hosts 0% of all TLS 1.3 domains (in any zone)
2019_01.json: _GODADDY  Domains: 38726384 443open: 6021253 (15.5400%) TLSany: 4671676 (12.0600%) TLS13: 49 (0% / 0% / 0%),   	All_Zones  Domains: 163378461 TLSany: 67027318 TLS13: 4914039) --> _GODADDY hosts 0% of all TLS 1.3 domains (in any zone)
2019_02.json: _GODADDY  Domains: 38719741 443open: 5807857 (14.9900%) TLSany: 4481937 (11.5700%) TLS13: 361 (0% / 0% / 0%),   	All_Zones  Domains: 163382125 TLSany: 67119921 TLS13: 6168725) --> _GODADDY hosts 0% of all TLS 1.3 domains (in any zone)
2019_03.json: _GODADDY  Domains: 24362227 443open: 4239560 (17.4000%) TLSany: 3208332 (13.1600%) TLS13: 299 (0% / 0% / 0%),   	All_Zones  Domains: 111285325 TLSany: 46365402 TLS13: 4771722) --> _GODADDY hosts 0% of all TLS 1.3 domains (in any zone)
2019_04.json: _GODADDY  Domains: 4180430 443open: 1367754 (32.7100%) TLSany: 1238275 (29.6200%) TLS13: 164 (0% / .0100% / .0100%),   	All_Zones  Domains: 31333517 TLSany: 15697047 TLS13: 2053185) --> _GODADDY hosts 0% of all TLS 1.3 domains (in any zone)
2019_05.json: _GODADDY  Domains: 37007853 443open: 12271110 (33.1500%) TLSany: 11040886 (29.8300%) TLS13: 1054 (0% / 0% / 0%),   	All_Zones  Domains: 160639683 TLSany: 71926578 TLS13: 8069646) --> _GODADDY hosts .0100% of all TLS 1.3 domains (in any zone)
2019_06.json: _GODADDY  Domains: 10048205 443open: 3559648 (35.4200%) TLSany: 3156527 (31.4100%) TLS13: 222 (0% / 0% / 0%),   	All_Zones  Domains: 48443633 TLSany: 22650999 TLS13: 2860825) --> _GODADDY hosts 0% of all TLS 1.3 domains (in any zone)
2019_07.json: _GODADDY  Domains: 34945582 443open: 11745869 (33.6100%) TLSany: 10644838 (30.4600%) TLS13: 4978 (.0100% / .0400% / .0400%),   	All_Zones  Domains: 165378055 TLSany: 73868718 TLS13: 10242784) --> _GODADDY hosts .0400% of all TLS 1.3 domains (in any zone)
2019_08.json: _GODADDY  Domains: 34844229 443open: 11682541 (33.5200%) TLSany: 10601315 (30.4200%) TLS13: 3674 (.0100% / .0300% / .0300%),   	All_Zones  Domains: 164100009 TLSany: 73030412 TLS13: 10913704) --> _GODADDY hosts .0300% of all TLS 1.3 domains (in any zone)
2019_09.json: _GODADDY  Domains: 34802065 443open: 11674277 (33.5400%) TLSany: 10613188 (30.4900%) TLS13: 4119 (.0100% / .0300% / .0300%),   	All_Zones  Domains: 163832774 TLSany: 73027856 TLS13: 11218079) --> _GODADDY hosts .0300% of all TLS 1.3 domains (in any zone)
2019_10.json: _GODADDY  Domains: 34927360 443open: 11581578 (33.1500%) TLSany: 10561222 (30.2300%) TLS13: 5301 (.0100% / .0400% / .0500%),   	All_Zones  Domains: 163708148 TLSany: 73469523 TLS13: 12583296) --> _GODADDY hosts .0400% of all TLS 1.3 domains (in any zone)
2019_11.json: _GODADDY  Domains: 32520949 443open: 7593757 (23.3500%) TLSany: 6563561 (20.1800%) TLS13: 1310 (0% / .0100% / .0100%),   	All_Zones  Domains: 143552280 TLSany: 57802562 TLS13: 9606541) --> _GODADDY hosts .0100% of all TLS 1.3 domains (in any zone)

_GOOGLE
2017_10.json: _GOOGLE  Domains: 47968 443open: 46753 (97.4600%) TLSany: 1750 (3.6400%) TLS13: 21 (.0400% / .0400% / 1.2000%),   	All_Zones  Domains: 6094675 TLSany: 1846780 TLS13: 185466) --> _GOOGLE hosts .0100% of all TLS 1.3 domains (in any zone)
2017_11.json: _GOOGLE  Domains: 2201600 443open: 1966100 (89.3000%) TLSany: 49181 (2.2300%) TLS13: 485 (.0200% / .0200% / .9800%),   	All_Zones  Domains: 147894465 TLSany: 30636115 TLS13: 2867545) --> _GOOGLE hosts .0100% of all TLS 1.3 domains (in any zone)
2017_12.json: _GOOGLE  Domains: 2252400 443open: 2001400 (88.8500%) TLSany: 47149 (2.0900%) TLS13: 600 (.0200% / .0200% / 1.2700%),   	All_Zones  Domains: 149974016 TLSany: 30903187 TLS13: 3029946) --> _GOOGLE hosts .0100% of all TLS 1.3 domains (in any zone)
2018_01.json: _GOOGLE  Domains: 2325502 443open: 2065130 (88.8000%) TLSany: 49876 (2.1400%) TLS13: 585 (.0200% / .0200% / 1.1700%),   	All_Zones  Domains: 154024781 TLSany: 31634314 TLS13: 3031797) --> _GOOGLE hosts .0100% of all TLS 1.3 domains (in any zone)
2018_02.json: _GOOGLE  Domains: 950189 443open: 841860 (88.5900%) TLSany: 199575 (21.0000%) TLS13: 203 (.0200% / .0200% / .1000%),   	All_Zones  Domains: 80081037 TLSany: 26222583 TLS13: 1423793) --> _GOOGLE hosts .0100% of all TLS 1.3 domains (in any zone)
2018_03.json: _GOOGLE  Domains: 2635202 443open: 2375178 (90.1300%) TLSany: 757364 (28.7400%) TLS13: 736 (.0200% / .0300% / .0900%),   	All_Zones  Domains: 154654270 TLSany: 60909147 TLS13: 3328229) --> _GOOGLE hosts .0200% of all TLS 1.3 domains (in any zone)
2018_04.json: _GOOGLE  Domains: 2714710 443open: 2434218 (89.6600%) TLSany: 843060 (31.0500%) TLS13: 826 (.0300% / .0300% / .0900%),   	All_Zones  Domains: 155379778 TLSany: 61988125 TLS13: 3400762) --> _GOOGLE hosts .0200% of all TLS 1.3 domains (in any zone)
2018_05.json: _GOOGLE  Domains: 2757525 443open: 2481107 (89.9700%) TLSany: 917042 (33.2500%) TLS13: 4202 (.1500% / .1600% / .4500%),   	All_Zones  Domains: 153578522 TLSany: 61449587 TLS13: 3510664) --> _GOOGLE hosts .1100% of all TLS 1.3 domains (in any zone)
2018_06.json: _GOOGLE  Domains: 2644382 443open: 2363383 (89.3700%) TLSany: 913991 (34.5600%) TLS13: 2681 (.1000% / .1100% / .2900%),   	All_Zones  Domains: 142800639 TLSany: 57294272 TLS13: 3447381) --> _GOOGLE hosts .0700% of all TLS 1.3 domains (in any zone)
2018_07.json: _GOOGLE  Domains: 2841350 443open: 2595949 (91.3600%) TLSany: 1017236 (35.8000%) TLS13: 2626 (.0900% / .1000% / .2500%),   	All_Zones  Domains: 157533386 TLSany: 64174780 TLS13: 4934873) --> _GOOGLE hosts .0500% of all TLS 1.3 domains (in any zone)
2018_08.json: _GOOGLE  Domains: 2828212 443open: 2603072 (92.0300%) TLSany: 998966 (35.3200%) TLS13: 1464 (.0500% / .0500% / .1400%),   	All_Zones  Domains: 158181599 TLSany: 64402031 TLS13: 5249405) --> _GOOGLE hosts .0200% of all TLS 1.3 domains (in any zone)
2018_09.json: _GOOGLE  Domains: 2938395 443open: 2707176 (92.1300%) TLSany: 1099598 (37.4200%) TLS13: 1412 (.0400% / .0500% / .1200%),   	All_Zones  Domains: 165585288 TLSany: 64938250 TLS13: 5599576) --> _GOOGLE hosts .0200% of all TLS 1.3 domains (in any zone)
2018_10.json: _GOOGLE  Domains: 2973707 443open: 2749963 (92.4700%) TLSany: 1151219 (38.7100%) TLS13: 1496 (.0500% / .0500% / .1200%),   	All_Zones  Domains: 166563152 TLSany: 66915875 TLS13: 5496274) --> _GOOGLE hosts .0200% of all TLS 1.3 domains (in any zone)
2018_11.json: _GOOGLE  Domains: 3017294 443open: 2788384 (92.4100%) TLSany: 1204307 (39.9100%) TLS13: 2786 (.0900% / .0900% / .2300%),   	All_Zones  Domains: 164761448 TLSany: 64702657 TLS13: 5456567) --> _GOOGLE hosts .0500% of all TLS 1.3 domains (in any zone)
2018_12.json: _GOOGLE  Domains: 3082034 443open: 2862777 (92.8800%) TLSany: 1261021 (40.9100%) TLS13: 2252 (.0700% / .0700% / .1700%),   	All_Zones  Domains: 163955709 TLSany: 66377839 TLS13: 5630489) --> _GOOGLE hosts .0300% of all TLS 1.3 domains (in any zone)
2019_01.json: _GOOGLE  Domains: 6476524 443open: 6256505 (96.6000%) TLSany: 4637133 (71.5900%) TLS13: 2263 (.0300% / .0300% / .0400%),   	All_Zones  Domains: 163378461 TLSany: 67027318 TLS13: 4914039) --> _GOOGLE hosts .0400% of all TLS 1.3 domains (in any zone)
2019_02.json: _GOOGLE  Domains: 6684783 443open: 6468173 (96.7500%) TLSany: 4858917 (72.6800%) TLS13: 12745 (.1900% / .1900% / .2600%),   	All_Zones  Domains: 163382125 TLSany: 67119921 TLS13: 6168725) --> _GOOGLE hosts .2000% of all TLS 1.3 domains (in any zone)
2019_03.json: _GOOGLE  Domains: 4941769 443open: 4807159 (97.2700%) TLSany: 3043072 (61.5700%) TLS13: 11317 (.2200% / .2300% / .3700%),   	All_Zones  Domains: 111285325 TLSany: 46365402 TLS13: 4771722) --> _GOOGLE hosts .2300% of all TLS 1.3 domains (in any zone)
2019_04.json: _GOOGLE  Domains: 906178 443open: 878967 (96.9900%) TLSany: 646075 (71.2900%) TLS13: 37664 (4.1500% / 4.2800% / 5.8200%),   	All_Zones  Domains: 31333517 TLSany: 15697047 TLS13: 2053185) --> _GOOGLE hosts 1.8300% of all TLS 1.3 domains (in any zone)
2019_05.json: _GOOGLE  Domains: 4091490 443open: 3898920 (95.2900%) TLSany: 1330066 (32.5000%) TLS13: 300163 (7.3300% / 7.6900% / 22.5600%),   	All_Zones  Domains: 160639683 TLSany: 71926578 TLS13: 8069646) --> _GOOGLE hosts 3.7100% of all TLS 1.3 domains (in any zone)
2019_06.json: _GOOGLE  Domains: 2448836 443open: 2401641 (98.0700%) TLSany: 1328083 (54.2300%) TLS13: 76592 (3.1200% / 3.1800% / 5.7600%),   	All_Zones  Domains: 48443633 TLSany: 22650999 TLS13: 2860825) --> _GOOGLE hosts 2.6700% of all TLS 1.3 domains (in any zone)
2019_07.json: _GOOGLE  Domains: 9056640 443open: 8555629 (94.4600%) TLSany: 5561265 (61.4000%) TLS13: 536848 (5.9200% / 6.2700% / 9.6500%),   	All_Zones  Domains: 165378055 TLSany: 73868718 TLS13: 10242784) --> _GOOGLE hosts 5.2400% of all TLS 1.3 domains (in any zone)
2019_08.json: _GOOGLE  Domains: 9018996 443open: 8818486 (97.7700%) TLSany: 5569359 (61.7500%) TLS13: 957173 (10.6100% / 10.8500% / 17.1800%),   	All_Zones  Domains: 164100009 TLSany: 73030412 TLS13: 10913704) --> _GOOGLE hosts 8.7700% of all TLS 1.3 domains (in any zone)
2019_09.json: _GOOGLE  Domains: 7502300 443open: 7300992 (97.3100%) TLSany: 4081207 (54.3900%) TLS13: 995767 (13.2700% / 13.6300% / 24.3900%),   	All_Zones  Domains: 163832774 TLSany: 73027856 TLS13: 11218079) --> _GOOGLE hosts 8.8700% of all TLS 1.3 domains (in any zone)
2019_10.json: _GOOGLE  Domains: 7595700 443open: 7390680 (97.3000%) TLSany: 4220495 (55.5600%) TLS13: 1001222 (13.1800% / 13.5400% / 23.7200%),   	All_Zones  Domains: 163708148 TLSany: 73469523 TLS13: 12583296) --> _GOOGLE hosts 7.9500% of all TLS 1.3 domains (in any zone)
2019_11.json: _GOOGLE  Domains: 4917317 443open: 4760718 (96.8100%) TLSany: 1687148 (34.3100%) TLS13: 583706 (11.8700% / 12.2600% / 34.5900%),   	All_Zones  Domains: 143552280 TLSany: 57802562 TLS13: 9606541) --> _GOOGLE hosts 6.0700% of all TLS 1.3 domains (in any zone)

_MICROSOFT
2017_10.json: _MICROSOFT  Domains: 24408 443open: 21329 (87.3800%) TLSany: 13819 (56.6100%) TLS13: 9 (.0300% / .0400% / .0600%),   	All_Zones  Domains: 6094675 TLSany: 1846780 TLS13: 185466) --> _MICROSOFT hosts 0% of all TLS 1.3 domains (in any zone)
2017_11.json: _MICROSOFT  Domains: 407537 443open: 313285 (76.8700%) TLSany: 203043 (49.8200%) TLS13: 91 (.0200% / .0200% / .0400%),   	All_Zones  Domains: 147894465 TLSany: 30636115 TLS13: 2867545) --> _MICROSOFT hosts 0% of all TLS 1.3 domains (in any zone)
2017_12.json: _MICROSOFT  Domains: 416917 443open: 321307 (77.0600%) TLSany: 203655 (48.8400%) TLS13: 117 (.0200% / .0300% / .0500%),   	All_Zones  Domains: 149974016 TLSany: 30903187 TLS13: 3029946) --> _MICROSOFT hosts 0% of all TLS 1.3 domains (in any zone)
2018_01.json: _MICROSOFT  Domains: 425703 443open: 326137 (76.6100%) TLSany: 203804 (47.8700%) TLS13: 27 (0% / 0% / .0100%),   	All_Zones  Domains: 154024781 TLSany: 31634314 TLS13: 3031797) --> _MICROSOFT hosts 0% of all TLS 1.3 domains (in any zone)
2018_02.json: _MICROSOFT  Domains: 170603 443open: 135754 (79.5700%) TLSany: 117087 (68.6300%) TLS13: 4 (0% / 0% / 0%),   	All_Zones  Domains: 80081037 TLSany: 26222583 TLS13: 1423793) --> _MICROSOFT hosts 0% of all TLS 1.3 domains (in any zone)
2018_03.json: _MICROSOFT  Domains: 451726 443open: 349722 (77.4100%) TLSany: 310691 (68.7700%) TLS13: 128 (.0200% / .0300% / .0400%),   	All_Zones  Domains: 154654270 TLSany: 60909147 TLS13: 3328229) --> _MICROSOFT hosts 0% of all TLS 1.3 domains (in any zone)
2018_04.json: _MICROSOFT  Domains: 456977 443open: 352265 (77.0800%) TLSany: 312180 (68.3100%) TLS13: 147 (.0300% / .0400% / .0400%),   	All_Zones  Domains: 155379778 TLSany: 61988125 TLS13: 3400762) --> _MICROSOFT hosts 0% of all TLS 1.3 domains (in any zone)
2018_05.json: _MICROSOFT  Domains: 462156 443open: 333421 (72.1400%) TLSany: 293857 (63.5800%) TLS13: 117 (.0200% / .0300% / .0300%),   	All_Zones  Domains: 153578522 TLSany: 61449587 TLS13: 3510664) --> _MICROSOFT hosts 0% of all TLS 1.3 domains (in any zone)
2018_06.json: _MICROSOFT  Domains: 436837 443open: 321179 (73.5200%) TLSany: 285229 (65.2900%) TLS13: 39 (0% / .0100% / .0100%),   	All_Zones  Domains: 142800639 TLSany: 57294272 TLS13: 3447381) --> _MICROSOFT hosts 0% of all TLS 1.3 domains (in any zone)
2018_07.json: _MICROSOFT  Domains: 474949 443open: 364812 (76.8100%) TLSany: 326664 (68.7700%) TLS13: 26 (0% / 0% / 0%),   	All_Zones  Domains: 157533386 TLSany: 64174780 TLS13: 4934873) --> _MICROSOFT hosts 0% of all TLS 1.3 domains (in any zone)
2018_08.json: _MICROSOFT  Domains: 483364 443open: 377113 (78.0100%) TLSany: 345787 (71.5300%) TLS13: 95 (.0100% / .0200% / .0200%),   	All_Zones  Domains: 158181599 TLSany: 64402031 TLS13: 5249405) --> _MICROSOFT hosts 0% of all TLS 1.3 domains (in any zone)
2018_09.json: _MICROSOFT  Domains: 488327 443open: 381822 (78.1800%) TLSany: 350888 (71.8500%) TLS13: 86 (.0100% / .0200% / .0200%),   	All_Zones  Domains: 165585288 TLSany: 64938250 TLS13: 5599576) --> _MICROSOFT hosts 0% of all TLS 1.3 domains (in any zone)
2018_10.json: _MICROSOFT  Domains: 494660 443open: 388515 (78.5400%) TLSany: 357329 (72.2300%) TLS13: 78 (.0100% / .0200% / .0200%),   	All_Zones  Domains: 166563152 TLSany: 66915875 TLS13: 5496274) --> _MICROSOFT hosts 0% of all TLS 1.3 domains (in any zone)
2018_11.json: _MICROSOFT  Domains: 504032 443open: 390886 (77.5500%) TLSany: 351908 (69.8100%) TLS13: 99 (.0100% / .0200% / .0200%),   	All_Zones  Domains: 164761448 TLSany: 64702657 TLS13: 5456567) --> _MICROSOFT hosts 0% of all TLS 1.3 domains (in any zone)
2018_12.json: _MICROSOFT  Domains: 509167 443open: 406263 (79.7800%) TLSany: 366877 (72.0500%) TLS13: 106 (.0200% / .0200% / .0200%),   	All_Zones  Domains: 163955709 TLSany: 66377839 TLS13: 5630489) --> _MICROSOFT hosts 0% of all TLS 1.3 domains (in any zone)
2019_01.json: _MICROSOFT  Domains: 497825 443open: 397837 (79.9100%) TLSany: 359486 (72.2100%) TLS13: 115 (.0200% / .0200% / .0300%),   	All_Zones  Domains: 163378461 TLSany: 67027318 TLS13: 4914039) --> _MICROSOFT hosts 0% of all TLS 1.3 domains (in any zone)
2019_02.json: _MICROSOFT  Domains: 500591 443open: 400501 (80.0000%) TLSany: 360046 (71.9200%) TLS13: 697 (.1300% / .1700% / .1900%),   	All_Zones  Domains: 163382125 TLSany: 67119921 TLS13: 6168725) --> _MICROSOFT hosts .0100% of all TLS 1.3 domains (in any zone)
2019_03.json: _MICROSOFT  Domains: 360606 443open: 287537 (79.7300%) TLSany: 256193 (71.0400%) TLS13: 908 (.2500% / .3100% / .3500%),   	All_Zones  Domains: 111285325 TLSany: 46365402 TLS13: 4771722) --> _MICROSOFT hosts .0100% of all TLS 1.3 domains (in any zone)
2019_04.json: _MICROSOFT  Domains: 118412 443open: 101723 (85.9000%) TLSany: 92910 (78.4600%) TLS13: 750 (.6300% / .7300% / .8000%),   	All_Zones  Domains: 31333517 TLSany: 15697047 TLS13: 2053185) --> _MICROSOFT hosts .0300% of all TLS 1.3 domains (in any zone)
2019_05.json: _MICROSOFT  Domains: 518220 443open: 404714 (78.0900%) TLSany: 347705 (67.0900%) TLS13: 2860 (.5500% / .7000% / .8200%),   	All_Zones  Domains: 160639683 TLSany: 71926578 TLS13: 8069646) --> _MICROSOFT hosts .0300% of all TLS 1.3 domains (in any zone)
2019_06.json: _MICROSOFT  Domains: 170871 443open: 138745 (81.1900%) TLSany: 120520 (70.5300%) TLS13: 1322 (.7700% / .9500% / 1.0900%),   	All_Zones  Domains: 48443633 TLSany: 22650999 TLS13: 2860825) --> _MICROSOFT hosts .0400% of all TLS 1.3 domains (in any zone)
2019_07.json: _MICROSOFT  Domains: 511650 443open: 412683 (80.6500%) TLSany: 358923 (70.1500%) TLS13: 3987 (.7700% / .9600% / 1.1100%),   	All_Zones  Domains: 165378055 TLSany: 73868718 TLS13: 10242784) --> _MICROSOFT hosts .0300% of all TLS 1.3 domains (in any zone)
2019_08.json: _MICROSOFT  Domains: 509020 443open: 413805 (81.2900%) TLSany: 358119 (70.3500%) TLS13: 3627 (.7100% / .8700% / 1.0100%),   	All_Zones  Domains: 164100009 TLSany: 73030412 TLS13: 10913704) --> _MICROSOFT hosts .0300% of all TLS 1.3 domains (in any zone)
2019_09.json: _MICROSOFT  Domains: 512741 443open: 418549 (81.6200%) TLSany: 362386 (70.6700%) TLS13: 4552 (.8800% / 1.0800% / 1.2500%),   	All_Zones  Domains: 163832774 TLSany: 73027856 TLS13: 11218079) --> _MICROSOFT hosts .0400% of all TLS 1.3 domains (in any zone)
2019_10.json: _MICROSOFT  Domains: 587178 443open: 425100 (72.3900%) TLSany: 370416 (63.0800%) TLS13: 5398 (.9100% / 1.2600% / 1.4500%),   	All_Zones  Domains: 163708148 TLSany: 73469523 TLS13: 12583296) --> _MICROSOFT hosts .0400% of all TLS 1.3 domains (in any zone)
2019_11.json: _MICROSOFT  Domains: 468313 443open: 381721 (81.5000%) TLSany: 326756 (69.7700%) TLS13: 4703 (1.0000% / 1.2300% / 1.4300%),   	All_Zones  Domains: 143552280 TLSany: 57802562 TLS13: 9606541) --> _MICROSOFT hosts .0400% of all TLS 1.3 domains (in any zone)

_OVH
2017_10.json: _OVH  Domains: 90367 443open: 76743 (84.9200%) TLSany: 44643 (49.4000%) TLS13: 1038 (1.1400% / 1.3500% / 2.3200%),   	All_Zones  Domains: 6094675 TLSany: 1846780 TLS13: 185466) --> _OVH hosts .5500% of all TLS 1.3 domains (in any zone)
2017_11.json: _OVH  Domains: 2626648 443open: 2249909 (85.6500%) TLSany: 1758051 (66.9300%) TLS13: 37758 (1.4300% / 1.6700% / 2.1400%),   	All_Zones  Domains: 147894465 TLSany: 30636115 TLS13: 2867545) --> _OVH hosts 1.3100% of all TLS 1.3 domains (in any zone)
2017_12.json: _OVH  Domains: 2605704 443open: 2289347 (87.8500%) TLSany: 1759929 (67.5400%) TLS13: 37243 (1.4200% / 1.6200% / 2.1100%),   	All_Zones  Domains: 149974016 TLSany: 30903187 TLS13: 3029946) --> _OVH hosts 1.2200% of all TLS 1.3 domains (in any zone)
2018_01.json: _OVH  Domains: 2672812 443open: 2358048 (88.2200%) TLSany: 1789551 (66.9500%) TLS13: 38776 (1.4500% / 1.6400% / 2.1600%),   	All_Zones  Domains: 154024781 TLSany: 31634314 TLS13: 3031797) --> _OVH hosts 1.2700% of all TLS 1.3 domains (in any zone)
2018_02.json: _OVH  Domains: 988351 443open: 876483 (88.6800%) TLSany: 825556 (83.5200%) TLS13: 14785 (1.4900% / 1.6800% / 1.7900%),   	All_Zones  Domains: 80081037 TLSany: 26222583 TLS13: 1423793) --> _OVH hosts 1.0300% of all TLS 1.3 domains (in any zone)
2018_03.json: _OVH  Domains: 2779880 443open: 2465250 (88.6800%) TLSany: 2351483 (84.5800%) TLS13: 42677 (1.5300% / 1.7300% / 1.8100%),   	All_Zones  Domains: 154654270 TLSany: 60909147 TLS13: 3328229) --> _OVH hosts 1.2800% of all TLS 1.3 domains (in any zone)
2018_04.json: _OVH  Domains: 2785809 443open: 2487580 (89.2900%) TLSany: 2370300 (85.0800%) TLS13: 43358 (1.5500% / 1.7400% / 1.8200%),   	All_Zones  Domains: 155379778 TLSany: 61988125 TLS13: 3400762) --> _OVH hosts 1.2700% of all TLS 1.3 domains (in any zone)
2018_05.json: _OVH  Domains: 2738777 443open: 2456718 (89.7000%) TLSany: 2344829 (85.6100%) TLS13: 39929 (1.4500% / 1.6200% / 1.7000%),   	All_Zones  Domains: 153578522 TLSany: 61449587 TLS13: 3510664) --> _OVH hosts 1.1300% of all TLS 1.3 domains (in any zone)
2018_06.json: _OVH  Domains: 2518073 443open: 2268140 (90.0700%) TLSany: 2164267 (85.9400%) TLS13: 38343 (1.5200% / 1.6900% / 1.7700%),   	All_Zones  Domains: 142800639 TLSany: 57294272 TLS13: 3447381) --> _OVH hosts 1.1100% of all TLS 1.3 domains (in any zone)
2018_07.json: _OVH  Domains: 2804187 443open: 2538188 (90.5100%) TLSany: 2422817 (86.3900%) TLS13: 40701 (1.4500% / 1.6000% / 1.6700%),   	All_Zones  Domains: 157533386 TLSany: 64174780 TLS13: 4934873) --> _OVH hosts .8200% of all TLS 1.3 domains (in any zone)
2018_08.json: _OVH  Domains: 2728521 443open: 2469077 (90.4900%) TLSany: 2355894 (86.3400%) TLS13: 40734 (1.4900% / 1.6400% / 1.7200%),   	All_Zones  Domains: 158181599 TLSany: 64402031 TLS13: 5249405) --> _OVH hosts .7700% of all TLS 1.3 domains (in any zone)
2018_09.json: _OVH  Domains: 2662222 443open: 2383491 (89.5300%) TLSany: 2286100 (85.8700%) TLS13: 39833 (1.4900% / 1.6700% / 1.7400%),   	All_Zones  Domains: 165585288 TLSany: 64938250 TLS13: 5599576) --> _OVH hosts .7100% of all TLS 1.3 domains (in any zone)
2018_10.json: _OVH  Domains: 2883118 443open: 2595117 (90.0100%) TLSany: 2495575 (86.5500%) TLS13: 37216 (1.2900% / 1.4300% / 1.4900%),   	All_Zones  Domains: 166563152 TLSany: 66915875 TLS13: 5496274) --> _OVH hosts .6700% of all TLS 1.3 domains (in any zone)
2018_11.json: _OVH  Domains: 2823019 443open: 2535952 (89.8300%) TLSany: 2429384 (86.0500%) TLS13: 45310 (1.6000% / 1.7800% / 1.8600%),   	All_Zones  Domains: 164761448 TLSany: 64702657 TLS13: 5456567) --> _OVH hosts .8300% of all TLS 1.3 domains (in any zone)
2018_12.json: _OVH  Domains: 2828473 443open: 2553653 (90.2800%) TLSany: 2436378 (86.1300%) TLS13: 57202 (2.0200% / 2.2400% / 2.3400%),   	All_Zones  Domains: 163955709 TLSany: 66377839 TLS13: 5630489) --> _OVH hosts 1.0100% of all TLS 1.3 domains (in any zone)
2019_01.json: _OVH  Domains: 2922365 443open: 2576250 (88.1500%) TLSany: 2468362 (84.4600%) TLS13: 57507 (1.9600% / 2.2300% / 2.3200%),   	All_Zones  Domains: 163378461 TLSany: 67027318 TLS13: 4914039) --> _OVH hosts 1.1700% of all TLS 1.3 domains (in any zone)
2019_02.json: _OVH  Domains: 2960187 443open: 2600283 (87.8400%) TLSany: 2504877 (84.6100%) TLS13: 77061 (2.6000% / 2.9600% / 3.0700%),   	All_Zones  Domains: 163382125 TLSany: 67119921 TLS13: 6168725) --> _OVH hosts 1.2400% of all TLS 1.3 domains (in any zone)
2019_03.json: _OVH  Domains: 2075847 443open: 1803387 (86.8700%) TLSany: 1717381 (82.7300%) TLS13: 51027 (2.4500% / 2.8200% / 2.9700%),   	All_Zones  Domains: 111285325 TLSany: 46365402 TLS13: 4771722) --> _OVH hosts 1.0600% of all TLS 1.3 domains (in any zone)
2019_04.json: _OVH  Domains: 741984 443open: 640412 (86.3100%) TLSany: 598058 (80.6000%) TLS13: 17638 (2.3700% / 2.7500% / 2.9400%),   	All_Zones  Domains: 31333517 TLSany: 15697047 TLS13: 2053185) --> _OVH hosts .8500% of all TLS 1.3 domains (in any zone)
2019_05.json: _OVH  Domains: 2918908 443open: 2564560 (87.8600%) TLSany: 2466036 (84.4800%) TLS13: 85924 (2.9400% / 3.3500% / 3.4800%),   	All_Zones  Domains: 160639683 TLSany: 71926578 TLS13: 8069646) --> _OVH hosts 1.0600% of all TLS 1.3 domains (in any zone)
2019_06.json: _OVH  Domains: 913198 443open: 799854 (87.5800%) TLSany: 761744 (83.4100%) TLS13: 25555 (2.7900% / 3.1900% / 3.3500%),   	All_Zones  Domains: 48443633 TLSany: 22650999 TLS13: 2860825) --> _OVH hosts .8900% of all TLS 1.3 domains (in any zone)
2019_07.json: _OVH  Domains: 2981252 443open: 2577109 (86.4400%) TLSany: 2478782 (83.1400%) TLS13: 108973 (3.6500% / 4.2200% / 4.3900%),   	All_Zones  Domains: 165378055 TLSany: 73868718 TLS13: 10242784) --> _OVH hosts 1.0600% of all TLS 1.3 domains (in any zone)
2019_08.json: _OVH  Domains: 2940375 443open: 2540900 (86.4100%) TLSany: 2445776 (83.1700%) TLS13: 111911 (3.8000% / 4.4000% / 4.5700%),   	All_Zones  Domains: 164100009 TLSany: 73030412 TLS13: 10913704) --> _OVH hosts 1.0200% of all TLS 1.3 domains (in any zone)
2019_09.json: _OVH  Domains: 2957015 443open: 2545994 (86.1000%) TLSany: 2453673 (82.9700%) TLS13: 114925 (3.8800% / 4.5100% / 4.6800%),   	All_Zones  Domains: 163832774 TLSany: 73027856 TLS13: 11218079) --> _OVH hosts 1.0200% of all TLS 1.3 domains (in any zone)
2019_10.json: _OVH  Domains: 2976693 443open: 2556326 (85.8700%) TLSany: 2469147 (82.9400%) TLS13: 125401 (4.2100% / 4.9000% / 5.0700%),   	All_Zones  Domains: 163708148 TLSany: 73469523 TLS13: 12583296) --> _OVH hosts .9900% of all TLS 1.3 domains (in any zone)
2019_11.json: _OVH  Domains: 2430595 443open: 2140432 (88.0600%) TLSany: 2075707 (85.3900%) TLS13: 101547 (4.1700% / 4.7400% / 4.8900%),   	All_Zones  Domains: 143552280 TLSany: 57802562 TLS13: 9606541) --> _OVH hosts 1.0500% of all TLS 1.3 domains (in any zone)

_SINGLEHOP
2017_10.json: _SINGLEHOP  Domains: 13572 443open: 13342 (98.3000%) TLSany: 4065 (29.9500%) TLS13: 2027 (14.9300% / 15.1900% / 49.8600%),   	All_Zones  Domains: 6094675 TLSany: 1846780 TLS13: 185466) --> _SINGLEHOP hosts 1.0900% of all TLS 1.3 domains (in any zone)
2017_11.json: _SINGLEHOP  Domains: 749457 443open: 733735 (97.9000%) TLSany: 218478 (29.1500%) TLS13: 95195 (12.7000% / 12.9700% / 43.5700%),   	All_Zones  Domains: 147894465 TLSany: 30636115 TLS13: 2867545) --> _SINGLEHOP hosts 3.3100% of all TLS 1.3 domains (in any zone)
2017_12.json: _SINGLEHOP  Domains: 764224 443open: 748666 (97.9600%) TLSany: 220084 (28.7900%) TLS13: 100882 (13.2000% / 13.4700% / 45.8300%),   	All_Zones  Domains: 149974016 TLSany: 30903187 TLS13: 3029946) --> _SINGLEHOP hosts 3.3200% of all TLS 1.3 domains (in any zone)
2018_01.json: _SINGLEHOP  Domains: 780498 443open: 763724 (97.8500%) TLSany: 223540 (28.6400%) TLS13: 103505 (13.2600% / 13.5500% / 46.3000%),   	All_Zones  Domains: 154024781 TLSany: 31634314 TLS13: 3031797) --> _SINGLEHOP hosts 3.4100% of all TLS 1.3 domains (in any zone)
2018_02.json: _SINGLEHOP  Domains: 310833 443open: 306938 (98.7400%) TLSany: 301339 (96.9400%) TLS13: 38648 (12.4300% / 12.5900% / 12.8200%),   	All_Zones  Domains: 80081037 TLSany: 26222583 TLS13: 1423793) --> _SINGLEHOP hosts 2.7100% of all TLS 1.3 domains (in any zone)
2018_03.json: _SINGLEHOP  Domains: 820606 443open: 807552 (98.4000%) TLSany: 796354 (97.0400%) TLS13: 109124 (13.2900% / 13.5100% / 13.7000%),   	All_Zones  Domains: 154654270 TLSany: 60909147 TLS13: 3328229) --> _SINGLEHOP hosts 3.2700% of all TLS 1.3 domains (in any zone)
2018_04.json: _SINGLEHOP  Domains: 832515 443open: 814570 (97.8400%) TLSany: 803538 (96.5100%) TLS13: 126547 (15.2000% / 15.5300% / 15.7400%),   	All_Zones  Domains: 155379778 TLSany: 61988125 TLS13: 3400762) --> _SINGLEHOP hosts 3.7200% of all TLS 1.3 domains (in any zone)
2018_05.json: _SINGLEHOP  Domains: 832761 443open: 810184 (97.2800%) TLSany: 799477 (96.0000%) TLS13: 137782 (16.5400% / 17.0000% / 17.2300%),   	All_Zones  Domains: 153578522 TLSany: 61449587 TLS13: 3510664) --> _SINGLEHOP hosts 3.9200% of all TLS 1.3 domains (in any zone)
2018_06.json: _SINGLEHOP  Domains: 799969 443open: 788206 (98.5200%) TLSany: 777744 (97.2200%) TLS13: 147803 (18.4700% / 18.7500% / 19.0000%),   	All_Zones  Domains: 142800639 TLSany: 57294272 TLS13: 3447381) --> _SINGLEHOP hosts 4.2800% of all TLS 1.3 domains (in any zone)
2018_07.json: _SINGLEHOP  Domains: 862111 443open: 843918 (97.8800%) TLSany: 832499 (96.5600%) TLS13: 157302 (18.2400% / 18.6300% / 18.8900%),   	All_Zones  Domains: 157533386 TLSany: 64174780 TLS13: 4934873) --> _SINGLEHOP hosts 3.1800% of all TLS 1.3 domains (in any zone)
2018_08.json: _SINGLEHOP  Domains: 869775 443open: 844926 (97.1400%) TLSany: 834014 (95.8800%) TLS13: 153243 (17.6100% / 18.1300% / 18.3700%),   	All_Zones  Domains: 158181599 TLSany: 64402031 TLS13: 5249405) --> _SINGLEHOP hosts 2.9100% of all TLS 1.3 domains (in any zone)
2018_09.json: _SINGLEHOP  Domains: 884465 443open: 868612 (98.2000%) TLSany: 858655 (97.0800%) TLS13: 163027 (18.4300% / 18.7600% / 18.9800%),   	All_Zones  Domains: 165585288 TLSany: 64938250 TLS13: 5599576) --> _SINGLEHOP hosts 2.9100% of all TLS 1.3 domains (in any zone)
2018_10.json: _SINGLEHOP  Domains: 891745 443open: 856433 (96.0400%) TLSany: 846283 (94.9000%) TLS13: 140121 (15.7100% / 16.3600% / 16.5500%),   	All_Zones  Domains: 166563152 TLSany: 66915875 TLS13: 5496274) --> _SINGLEHOP hosts 2.5400% of all TLS 1.3 domains (in any zone)
2018_11.json: _SINGLEHOP  Domains: 915113 443open: 752407 (82.2200%) TLSany: 742050 (81.0800%) TLS13: 109148 (11.9200% / 14.5000% / 14.7000%),   	All_Zones  Domains: 164761448 TLSany: 64702657 TLS13: 5456567) --> _SINGLEHOP hosts 2.0000% of all TLS 1.3 domains (in any zone)
2018_12.json: _SINGLEHOP  Domains: 931545 443open: 829830 (89.0800%) TLSany: 819781 (88.0000%) TLS13: 105756 (11.3500% / 12.7400% / 12.9000%),   	All_Zones  Domains: 163955709 TLSany: 66377839 TLS13: 5630489) --> _SINGLEHOP hosts 1.8700% of all TLS 1.3 domains (in any zone)
2019_01.json: _SINGLEHOP  Domains: 936329 443open: 842740 (90.0000%) TLSany: 832950 (88.9500%) TLS13: 106299 (11.3500% / 12.6100% / 12.7600%),   	All_Zones  Domains: 163378461 TLSany: 67027318 TLS13: 4914039) --> _SINGLEHOP hosts 2.1600% of all TLS 1.3 domains (in any zone)
2019_02.json: _SINGLEHOP  Domains: 940311 443open: 838029 (89.1200%) TLSany: 827970 (88.0500%) TLS13: 315310 (33.5300% / 37.6200% / 38.0800%),   	All_Zones  Domains: 163382125 TLSany: 67119921 TLS13: 6168725) --> _SINGLEHOP hosts 5.1100% of all TLS 1.3 domains (in any zone)
2019_03.json: _SINGLEHOP  Domains: 626727 443open: 396750 (63.3000%) TLSany: 388199 (61.9400%) TLS13: 315302 (50.3000% / 79.4700% / 81.2200%),   	All_Zones  Domains: 111285325 TLSany: 46365402 TLS13: 4771722) --> _SINGLEHOP hosts 6.6000% of all TLS 1.3 domains (in any zone)
2019_04.json: _SINGLEHOP  Domains: 151781 443open: 137498 (90.5800%) TLSany: 135711 (89.4100%) TLS13: 114839 (75.6600% / 83.5200% / 84.6200%),   	All_Zones  Domains: 31333517 TLSany: 15697047 TLS13: 2053185) --> _SINGLEHOP hosts 5.5900% of all TLS 1.3 domains (in any zone)
2019_05.json: _SINGLEHOP  Domains: 939848 443open: 844877 (89.8900%) TLSany: 835112 (88.8500%) TLS13: 726759 (77.3200% / 86.0100% / 87.0200%),   	All_Zones  Domains: 160639683 TLSany: 71926578 TLS13: 8069646) --> _SINGLEHOP hosts 9.0000% of all TLS 1.3 domains (in any zone)
2019_06.json: _SINGLEHOP  Domains: 270219 443open: 241823 (89.4900%) TLSany: 237775 (87.9900%) TLS13: 204918 (75.8300% / 84.7300% / 86.1800%),   	All_Zones  Domains: 48443633 TLSany: 22650999 TLS13: 2860825) --> _SINGLEHOP hosts 7.1600% of all TLS 1.3 domains (in any zone)
2019_07.json: _SINGLEHOP  Domains: 919765 443open: 826548 (89.8600%) TLSany: 819566 (89.1000%) TLS13: 711900 (77.4000% / 86.1200% / 86.8600%),   	All_Zones  Domains: 165378055 TLSany: 73868718 TLS13: 10242784) --> _SINGLEHOP hosts 6.9500% of all TLS 1.3 domains (in any zone)
2019_08.json: _SINGLEHOP  Domains: 902381 443open: 808901 (89.6400%) TLSany: 802157 (88.8900%) TLS13: 712398 (78.9400% / 88.0600% / 88.8100%),   	All_Zones  Domains: 164100009 TLSany: 73030412 TLS13: 10913704) --> _SINGLEHOP hosts 6.5200% of all TLS 1.3 domains (in any zone)
2019_09.json: _SINGLEHOP  Domains: 890610 443open: 798293 (89.6300%) TLSany: 791706 (88.8900%) TLS13: 692685 (77.7700% / 86.7700% / 87.4900%),   	All_Zones  Domains: 163832774 TLSany: 73027856 TLS13: 11218079) --> _SINGLEHOP hosts 6.1700% of all TLS 1.3 domains (in any zone)
2019_10.json: _SINGLEHOP  Domains: 891643 443open: 799147 (89.6200%) TLSany: 792870 (88.9200%) TLS13: 701736 (78.7000% / 87.8100% / 88.5000%),   	All_Zones  Domains: 163708148 TLSany: 73469523 TLS13: 12583296) --> _SINGLEHOP hosts 5.5700% of all TLS 1.3 domains (in any zone)
2019_11.json: _SINGLEHOP  Domains: 827346 443open: 741657 (89.6400%) TLSany: 733906 (88.7000%) TLS13: 647318 (78.2400% / 87.2700% / 88.2000%),   	All_Zones  Domains: 143552280 TLSany: 57802562 TLS13: 9606541) --> _SINGLEHOP hosts 6.7300% of all TLS 1.3 domains (in any zone)

_SQUARESPACE
2017_10.json: _SQUARESPACE  Domains: 14520 443open: 14504 (99.8800%) TLSany: 0 (0%) TLS13: 0 (0% / 0% / %),   	All_Zones  Domains: 6094675 TLSany: 1846780 TLS13: 185466) --> _SQUARESPACE hosts 0% of all TLS 1.3 domains (in any zone)
2017_11.json: _SQUARESPACE  Domains: 1926797 443open: 1919854 (99.6300%) TLSany: 0 (0%) TLS13: 0 (0% / 0% / %),   	All_Zones  Domains: 147894465 TLSany: 30636115 TLS13: 2867545) --> _SQUARESPACE hosts 0% of all TLS 1.3 domains (in any zone)
2017_12.json: _SQUARESPACE  Domains: 1980941 443open: 1974538 (99.6700%) TLSany: 0 (0%) TLS13: 0 (0% / 0% / %),   	All_Zones  Domains: 149974016 TLSany: 30903187 TLS13: 3029946) --> _SQUARESPACE hosts 0% of all TLS 1.3 domains (in any zone)
2018_01.json: _SQUARESPACE  Domains: 2020636 443open: 74755 (3.6900%) TLSany: 0 (0%) TLS13: 0 (0% / 0% / %),   	All_Zones  Domains: 154024781 TLSany: 31634314 TLS13: 3031797) --> _SQUARESPACE hosts 0% of all TLS 1.3 domains (in any zone)
2018_02.json: _SQUARESPACE  Domains: 923528 443open: 14067 (1.5200%) TLSany: 14066 (1.5200%) TLS13: 0 (0% / 0% / 0%),   	All_Zones  Domains: 80081037 TLSany: 26222583 TLS13: 1423793) --> _SQUARESPACE hosts 0% of all TLS 1.3 domains (in any zone)
2018_03.json: _SQUARESPACE  Domains: 2093910 443open: 55373 (2.6400%) TLSany: 55373 (2.6400%) TLS13: 0 (0% / 0% / 0%),   	All_Zones  Domains: 154654270 TLSany: 60909147 TLS13: 3328229) --> _SQUARESPACE hosts 0% of all TLS 1.3 domains (in any zone)
2018_04.json: _SQUARESPACE  Domains: 2140224 443open: 54561 (2.5400%) TLSany: 54554 (2.5400%) TLS13: 0 (0% / 0% / 0%),   	All_Zones  Domains: 155379778 TLSany: 61988125 TLS13: 3400762) --> _SQUARESPACE hosts 0% of all TLS 1.3 domains (in any zone)
2018_05.json: _SQUARESPACE  Domains: 2150487 443open: 53728 (2.4900%) TLSany: 53728 (2.4900%) TLS13: 0 (0% / 0% / 0%),   	All_Zones  Domains: 153578522 TLSany: 61449587 TLS13: 3510664) --> _SQUARESPACE hosts 0% of all TLS 1.3 domains (in any zone)
2018_06.json: _SQUARESPACE  Domains: 2099442 443open: 50109 (2.3800%) TLSany: 50109 (2.3800%) TLS13: 0 (0% / 0% / 0%),   	All_Zones  Domains: 142800639 TLSany: 57294272 TLS13: 3447381) --> _SQUARESPACE hosts 0% of all TLS 1.3 domains (in any zone)
2018_07.json: _SQUARESPACE  Domains: 2222943 443open: 52592 (2.3600%) TLSany: 52591 (2.3600%) TLS13: 0 (0% / 0% / 0%),   	All_Zones  Domains: 157533386 TLSany: 64174780 TLS13: 4934873) --> _SQUARESPACE hosts 0% of all TLS 1.3 domains (in any zone)
2018_08.json: _SQUARESPACE  Domains: 2256490 443open: 51651 (2.2800%) TLSany: 51651 (2.2800%) TLS13: 0 (0% / 0% / 0%),   	All_Zones  Domains: 158181599 TLSany: 64402031 TLS13: 5249405) --> _SQUARESPACE hosts 0% of all TLS 1.3 domains (in any zone)
2018_09.json: _SQUARESPACE  Domains: 2301421 443open: 51144 (2.2200%) TLSany: 51144 (2.2200%) TLS13: 0 (0% / 0% / 0%),   	All_Zones  Domains: 165585288 TLSany: 64938250 TLS13: 5599576) --> _SQUARESPACE hosts 0% of all TLS 1.3 domains (in any zone)
2018_10.json: _SQUARESPACE  Domains: 2329833 443open: 50600 (2.1700%) TLSany: 50600 (2.1700%) TLS13: 0 (0% / 0% / 0%),   	All_Zones  Domains: 166563152 TLSany: 66915875 TLS13: 5496274) --> _SQUARESPACE hosts 0% of all TLS 1.3 domains (in any zone)
2018_11.json: _SQUARESPACE  Domains: 2327661 443open: 49897 (2.1400%) TLSany: 49897 (2.1400%) TLS13: 0 (0% / 0% / 0%),   	All_Zones  Domains: 164761448 TLSany: 64702657 TLS13: 5456567) --> _SQUARESPACE hosts 0% of all TLS 1.3 domains (in any zone)
2018_12.json: _SQUARESPACE  Domains: 2354219 443open: 49085 (2.0800%) TLSany: 48901 (2.0700%) TLS13: 0 (0% / 0% / 0%),   	All_Zones  Domains: 163955709 TLSany: 66377839 TLS13: 5630489) --> _SQUARESPACE hosts 0% of all TLS 1.3 domains (in any zone)
2019_01.json: _SQUARESPACE  Domains: 2365342 443open: 48591 (2.0500%) TLSany: 48288 (2.0400%) TLS13: 0 (0% / 0% / 0%),   	All_Zones  Domains: 163378461 TLSany: 67027318 TLS13: 4914039) --> _SQUARESPACE hosts 0% of all TLS 1.3 domains (in any zone)
2019_02.json: _SQUARESPACE  Domains: 2415620 443open: 48116 (1.9900%) TLSany: 47802 (1.9700%) TLS13: 37233 (1.5400% / 77.3800% / 77.8900%),   	All_Zones  Domains: 163382125 TLSany: 67119921 TLS13: 6168725) --> _SQUARESPACE hosts .6000% of all TLS 1.3 domains (in any zone)
2019_03.json: _SQUARESPACE  Domains: 1467504 443open: 39783 (2.7100%) TLSany: 37823 (2.5700%) TLS13: 35457 (2.4100% / 89.1200% / 93.7400%),   	All_Zones  Domains: 111285325 TLSany: 46365402 TLS13: 4771722) --> _SQUARESPACE hosts .7400% of all TLS 1.3 domains (in any zone)
2019_04.json: _SQUARESPACE  Domains: 263808 443open: 6054 (2.2900%) TLSany: 6035 (2.2800%) TLS13: 5405 (2.0400% / 89.2700% / 89.5600%),   	All_Zones  Domains: 31333517 TLSany: 15697047 TLS13: 2053185) --> _SQUARESPACE hosts .2600% of all TLS 1.3 domains (in any zone)
2019_05.json: _SQUARESPACE  Domains: 2473336 443open: 45941 (1.8500%) TLSany: 45940 (1.8500%) TLS13: 41191 (1.6600% / 89.6600% / 89.6600%),   	All_Zones  Domains: 160639683 TLSany: 71926578 TLS13: 8069646) --> _SQUARESPACE hosts .5100% of all TLS 1.3 domains (in any zone)
2019_06.json: _SQUARESPACE  Domains: 620157 443open: 16627 (2.6800%) TLSany: 16556 (2.6600%) TLS13: 14743 (2.3700% / 88.6600% / 89.0400%),   	All_Zones  Domains: 48443633 TLSany: 22650999 TLS13: 2860825) --> _SQUARESPACE hosts .5100% of all TLS 1.3 domains (in any zone)
2019_07.json: _SQUARESPACE  Domains: 2441183 443open: 42040 (1.7200%) TLSany: 42038 (1.7200%) TLS13: 37841 (1.5500% / 90.0100% / 90.0100%),   	All_Zones  Domains: 165378055 TLSany: 73868718 TLS13: 10242784) --> _SQUARESPACE hosts .3600% of all TLS 1.3 domains (in any zone)
2019_08.json: _SQUARESPACE  Domains: 2454796 443open: 41363 (1.6800%) TLSany: 41362 (1.6800%) TLS13: 37237 (1.5100% / 90.0200% / 90.0200%),   	All_Zones  Domains: 164100009 TLSany: 73030412 TLS13: 10913704) --> _SQUARESPACE hosts .3400% of all TLS 1.3 domains (in any zone)
2019_09.json: _SQUARESPACE  Domains: 2485931 443open: 40874 (1.6400%) TLSany: 40873 (1.6400%) TLS13: 36790 (1.4700% / 90.0000% / 90.0100%),   	All_Zones  Domains: 163832774 TLSany: 73027856 TLS13: 11218079) --> _SQUARESPACE hosts .3200% of all TLS 1.3 domains (in any zone)
2019_10.json: _SQUARESPACE  Domains: 2513435 443open: 40450 (1.6000%) TLSany: 40446 (1.6000%) TLS13: 36439 (1.4400% / 90.0800% / 90.0900%),   	All_Zones  Domains: 163708148 TLSany: 73469523 TLS13: 12583296) --> _SQUARESPACE hosts .2800% of all TLS 1.3 domains (in any zone)
2019_11.json: _SQUARESPACE  Domains: 2396145 443open: 39262 (1.6300%) TLSany: 39248 (1.6300%) TLS13: 35334 (1.4700% / 89.9900% / 90.0200%),   	All_Zones  Domains: 143552280 TLSany: 57802562 TLS13: 9606541) --> _SQUARESPACE hosts .3600% of all TLS 1.3 domains (in any zone)

