data/_all
2017_10.json: data/_all  Domains: 6094675 443open: 4424812 (72.6000%) TLSany: 1846780 (30.3000%) TLS13: 185466 (3.0400% / 4.1900% / 10.0400%)
2017_11.json: data/_all  Domains: 147894465 443open: 73296825 (49.5600%) TLSany: 30636115 (20.7100%) TLS13: 2867545 (1.9300% / 3.9100% / 9.3600%)
2017_12.json: data/_all  Domains: 149974016 443open: 74705156 (49.8100%) TLSany: 30903187 (20.6000%) TLS13: 3029946 (2.0200% / 4.0500% / 9.8000%)
2018_01.json: data/_all  Domains: 154024781 443open: 74053682 (48.0700%) TLSany: 31634314 (20.5300%) TLS13: 3031797 (1.9600% / 4.0900% / 9.5800%)
2018_02.json: data/_all  Domains: 80081037 443open: 38240929 (47.7500%) TLSany: 26222583 (32.7400%) TLS13: 1423793 (1.7700% / 3.7200% / 5.4200%)
2018_03.json: data/_all  Domains: 154654270 443open: 74542596 (48.1900%) TLSany: 60909147 (39.3800%) TLS13: 3328229 (2.1500% / 4.4600% / 5.4600%)
2018_04.json: data/_all  Domains: 155379778 443open: 75182366 (48.3800%) TLSany: 61988125 (39.8900%) TLS13: 3400762 (2.1800% / 4.5200% / 5.4800%)
2018_05.json: data/_all  Domains: 153578522 443open: 74336664 (48.4000%) TLSany: 61449587 (40.0100%) TLS13: 3510664 (2.2800% / 4.7200% / 5.7100%)
2018_06.json: data/_all  Domains: 142800639 443open: 69383024 (48.5800%) TLSany: 57294272 (40.1200%) TLS13: 3447381 (2.4100% / 4.9600% / 6.0100%)
2018_07.json: data/_all  Domains: 157533386 443open: 77618668 (49.2700%) TLSany: 64174780 (40.7300%) TLS13: 4934873 (3.1300% / 6.3500% / 7.6800%)
2018_08.json: data/_all  Domains: 158181599 443open: 77952688 (49.2800%) TLSany: 64402031 (40.7100%) TLS13: 5249405 (3.3100% / 6.7300% / 8.1500%)
2018_09.json: data/_all  Domains: 165585288 443open: 78132802 (47.1800%) TLSany: 64938250 (39.2100%) TLS13: 5599576 (3.3800% / 7.1600% / 8.6200%)
2018_10.json: data/_all  Domains: 166563152 443open: 79919992 (47.9800%) TLSany: 66915875 (40.1700%) TLS13: 5496274 (3.2900% / 6.8700% / 8.2100%)
2018_11.json: data/_all  Domains: 164761448 443open: 78250977 (47.4900%) TLSany: 64702657 (39.2700%) TLS13: 5456567 (3.3100% / 6.9700% / 8.4300%)
2018_12.json: data/_all  Domains: 163955709 443open: 78939217 (48.1400%) TLSany: 66377839 (40.4800%) TLS13: 5630489 (3.4300% / 7.1300% / 8.4800%)
2019_01.json: data/_all  Domains: 163378461 443open: 79047479 (48.3800%) TLSany: 67027318 (41.0200%) TLS13: 4914039 (3.0000% / 6.2100% / 7.3300%)
2019_02.json: data/_all  Domains: 163382125 443open: 79159635 (48.4500%) TLSany: 67119921 (41.0800%) TLS13: 6168725 (3.7700% / 7.7900% / 9.1900%)
2019_03.json: data/_all  Domains: 111285325 443open: 56346259 (50.6300%) TLSany: 46365402 (41.6600%) TLS13: 4771722 (4.2800% / 8.4600% / 10.2900%)
2019_04.json: data/_all  Domains: 31333517 443open: 18169843 (57.9800%) TLSany: 15697047 (50.0900%) TLS13: 2053185 (6.5500% / 11.2900% / 13.0800%)
2019_05.json: data/_all  Domains: 160639683 443open: 87104811 (54.2200%) TLSany: 71926578 (44.7700%) TLS13: 8069646 (5.0200% / 9.2600% / 11.2100%)
2019_06.json: data/_all  Domains: 48443633 443open: 27761771 (57.3000%) TLSany: 22650999 (46.7500%) TLS13: 2860825 (5.9000% / 10.3000% / 12.6300%)
2019_07.json: data/_all  Domains: 165378055 443open: 88070832 (53.2500%) TLSany: 73868718 (44.6600%) TLS13: 10242784 (6.1900% / 11.6300% / 13.8600%)
2019_08.json: data/_all  Domains: 164100009 443open: 87508683 (53.3200%) TLSany: 73030412 (44.5000%) TLS13: 10913704 (6.6500% / 12.4700% / 14.9400%)
2019_09.json: data/_all  Domains: 163832774 443open: 87357583 (53.3200%) TLSany: 73027856 (44.5700%) TLS13: 11218079 (6.8400% / 12.8400% / 15.3600%)
2019_10.json: data/_all  Domains: 163708148 443open: 87240717 (53.2900%) TLSany: 73469523 (44.8700%) TLS13: 12583296 (7.6800% / 14.4200% / 17.1200%)
2019_11.json: data/_all  Domains: 143552280 443open: 73462078 (51.1700%) TLSany: 57802562 (40.2600%) TLS13: 9606541 (6.6900% / 13.0700% / 16.6100%)

data/_all-but-com-net-org
2017_10.json: data/_all-but-com-net-org  Domains: 6094675 443open: 4424812 (72.6000%) TLSany: 1846780 (30.3000%) TLS13: 185466 (3.0400% / 4.1900% / 10.0400%)
2017_11.json: data/_all-but-com-net-org  Domains: 7801837 443open: 4749746 (60.8700%) TLSany: 2266719 (29.0500%) TLS13: 171120 (2.1900% / 3.6000% / 7.5400%)
2017_12.json: data/_all-but-com-net-org  Domains: 9717827 443open: 5707202 (58.7200%) TLSany: 2500040 (25.7200%) TLS13: 238022 (2.4400% / 4.1700% / 9.5200%)
2018_01.json: data/_all-but-com-net-org  Domains: 12905387 443open: 6525203 (50.5600%) TLSany: 2991558 (23.1800%) TLS13: 247514 (1.9100% / 3.7900% / 8.2700%)
2018_02.json: data/_all-but-com-net-org  Domains: 6428584 443open: 4379908 (68.1300%) TLSany: 3163494 (49.2000%) TLS13: 168415 (2.6100% / 3.8400% / 5.3200%)
2018_03.json: data/_all-but-com-net-org  Domains: 12603151 443open: 8215417 (65.1800%) TLSany: 6782367 (53.8100%) TLS13: 389949 (3.0900% / 4.7400% / 5.7400%)
2018_04.json: data/_all-but-com-net-org  Domains: 13200540 443open: 8797783 (66.6400%) TLSany: 7507290 (56.8700%) TLS13: 406855 (3.0800% / 4.6200% / 5.4100%)
2018_05.json: data/_all-but-com-net-org  Domains: 10945013 443open: 7967102 (72.7900%) TLSany: 6944029 (63.4400%) TLS13: 352682 (3.2200% / 4.4200% / 5.0700%)
2018_06.json: data/_all-but-com-net-org  Domains: 11903368 443open: 8285692 (69.6000%) TLSany: 7156770 (60.1200%) TLS13: 425234 (3.5700% / 5.1300% / 5.9400%)
2018_07.json: data/_all-but-com-net-org  Domains: 13768727 443open: 9270078 (67.3200%) TLSany: 8033921 (58.3400%) TLS13: 534701 (3.8800% / 5.7600% / 6.6500%)
2018_08.json: data/_all-but-com-net-org  Domains: 13795256 443open: 9242913 (67.0000%) TLSany: 8006415 (58.0300%) TLS13: 736485 (5.3300% / 7.9600% / 9.1900%)
2018_09.json: data/_all-but-com-net-org  Domains: 21179310 443open: 10659672 (50.3300%) TLSany: 9161748 (43.2500%) TLS13: 1039483 (4.9000% / 9.7500% / 11.3400%)
2018_10.json: data/_all-but-com-net-org  Domains: 21441646 443open: 10819354 (50.4500%) TLSany: 9398949 (43.8300%) TLS13: 978593 (4.5600% / 9.0400% / 10.4100%)
2018_11.json: data/_all-but-com-net-org  Domains: 19340764 443open: 10184445 (52.6500%) TLSany: 8889811 (45.9600%) TLS13: 898280 (4.6400% / 8.8200% / 10.1000%)
2018_12.json: data/_all-but-com-net-org  Domains: 18045746 443open: 9972393 (55.2600%) TLSany: 8728347 (48.3600%) TLS13: 918176 (5.0800% / 9.2000% / 10.5100%)
2019_01.json: data/_all-but-com-net-org  Domains: 16459471 443open: 9309961 (56.5600%) TLSany: 8207157 (49.8600%) TLS13: 679469 (4.1200% / 7.2900% / 8.2700%)
2019_02.json: data/_all-but-com-net-org  Domains: 16992609 443open: 9598384 (56.4800%) TLSany: 8303243 (48.8600%) TLS13: 790256 (4.6500% / 8.2300% / 9.5100%)
2019_03.json: data/_all-but-com-net-org  Domains: 18772081 443open: 10713892 (57.0700%) TLSany: 9376046 (49.9400%) TLS13: 1265751 (6.7400% / 11.8100% / 13.4900%)
2019_04.json: data/_all-but-com-net-org  Domains: 20247543 443open: 12499473 (61.7300%) TLSany: 11044690 (54.5400%) TLS13: 1644230 (8.1200% / 13.1500% / 14.8800%)
2019_05.json: data/_all-but-com-net-org  Domains: 14011537 443open: 8801363 (62.8100%) TLSany: 7673078 (54.7600%) TLS13: 1204141 (8.5900% / 13.6800% / 15.6900%)
2019_06.json: data/_all-but-com-net-org  Domains: 7158587 443open: 5598433 (78.2000%) TLSany: 4862983 (67.9300%) TLS13: 918787 (12.8300% / 16.4100% / 18.8900%)
2019_07.json: data/_all-but-com-net-org  Domains: 24833513 443open: 14269359 (57.4600%) TLSany: 12014547 (48.3800%) TLS13: 2889744 (11.6300% / 20.2500% / 24.0500%)
2019_08.json: data/_all-but-com-net-org  Domains: 23672690 443open: 13537492 (57.1800%) TLSany: 11234693 (47.4500%) TLS13: 2935593 (12.4000% / 21.6800% / 26.1200%)
2019_09.json: data/_all-but-com-net-org  Domains: 23236024 443open: 13281054 (57.1500%) TLSany: 10987593 (47.2800%) TLS13: 2953913 (12.7100% / 22.2400% / 26.8800%)
2019_10.json: data/_all-but-com-net-org  Domains: 22606263 443open: 12682031 (56.0900%) TLSany: 10872719 (48.0900%) TLS13: 3067287 (13.5600% / 24.1800% / 28.2100%)
2019_11.json: data/_all-but-com-net-org  Domains: 4339589 443open: 3237888 (74.6100%) TLSany: 2655203 (61.1800%) TLS13: 638684 (14.7100% / 19.7200% / 24.0500%)

data/_com-net-org
2017_11.json: data/_com-net-org  Domains: 140092628 443open: 68547079 (48.9200%) TLSany: 28369396 (20.2500%) TLS13: 2696425 (1.9200% / 3.9300% / 9.5000%)
2017_12.json: data/_com-net-org  Domains: 140256189 443open: 68997954 (49.1900%) TLSany: 28403147 (20.2500%) TLS13: 2791924 (1.9900% / 4.0400% / 9.8200%)
2018_01.json: data/_com-net-org  Domains: 141119394 443open: 67528479 (47.8500%) TLSany: 28642756 (20.2900%) TLS13: 2784283 (1.9700% / 4.1200% / 9.7200%)
2018_02.json: data/_com-net-org  Domains: 73652453 443open: 33861021 (45.9700%) TLSany: 23059089 (31.3000%) TLS13: 1255378 (1.7000% / 3.7000% / 5.4400%)
2018_03.json: data/_com-net-org  Domains: 142051119 443open: 66327179 (46.6900%) TLSany: 54126780 (38.1000%) TLS13: 2938280 (2.0600% / 4.4200% / 5.4200%)
2018_04.json: data/_com-net-org  Domains: 142179238 443open: 66384583 (46.6900%) TLSany: 54480835 (38.3100%) TLS13: 2993907 (2.1000% / 4.5000% / 5.4900%)
2018_05.json: data/_com-net-org  Domains: 142633509 443open: 66369562 (46.5300%) TLSany: 54505558 (38.2100%) TLS13: 3157982 (2.2100% / 4.7500% / 5.7900%)
2018_06.json: data/_com-net-org  Domains: 130897271 443open: 61097332 (46.6700%) TLSany: 50137502 (38.3000%) TLS13: 3022147 (2.3000% / 4.9400% / 6.0200%)
2018_07.json: data/_com-net-org  Domains: 143764659 443open: 68348590 (47.5400%) TLSany: 56140859 (39.0500%) TLS13: 4400172 (3.0600% / 6.4300% / 7.8300%)
2018_08.json: data/_com-net-org  Domains: 144386343 443open: 68709775 (47.5800%) TLSany: 56395616 (39.0500%) TLS13: 4512920 (3.1200% / 6.5600% / 8.0000%)
2018_09.json: data/_com-net-org  Domains: 144405978 443open: 67473130 (46.7200%) TLSany: 55776502 (38.6200%) TLS13: 4560093 (3.1500% / 6.7500% / 8.1700%)
2018_10.json: data/_com-net-org  Domains: 145121506 443open: 69100638 (47.6100%) TLSany: 57516926 (39.6300%) TLS13: 4517681 (3.1100% / 6.5300% / 7.8500%)
2018_11.json: data/_com-net-org  Domains: 145420684 443open: 68066532 (46.8000%) TLSany: 55812846 (38.3800%) TLS13: 4558287 (3.1300% / 6.6900% / 8.1600%)
2018_12.json: data/_com-net-org  Domains: 145909963 443open: 68966824 (47.2600%) TLSany: 57649492 (39.5100%) TLS13: 4712313 (3.2200% / 6.8300% / 8.1700%)
2019_01.json: data/_com-net-org  Domains: 146918990 443open: 69737518 (47.4600%) TLSany: 58820161 (40.0300%) TLS13: 4234570 (2.8800% / 6.0700% / 7.1900%)
2019_02.json: data/_com-net-org  Domains: 146389516 443open: 69561251 (47.5100%) TLSany: 58816678 (40.1700%) TLS13: 5378469 (3.6700% / 7.7300% / 9.1400%)
2019_03.json: data/_com-net-org  Domains: 92513244 443open: 45632367 (49.3200%) TLSany: 36989356 (39.9800%) TLS13: 3505971 (3.7800% / 7.6800% / 9.4700%)
2019_04.json: data/_com-net-org  Domains: 11085974 443open: 5670370 (51.1400%) TLSany: 4652357 (41.9600%) TLS13: 408955 (3.6800% / 7.2100% / 8.7900%)
2019_05.json: data/_com-net-org  Domains: 146628146 443open: 78303448 (53.4000%) TLSany: 64253500 (43.8200%) TLS13: 6865505 (4.6800% / 8.7600% / 10.6800%)
2019_06.json: data/_com-net-org  Domains: 41285046 443open: 22163338 (53.6800%) TLSany: 17788016 (43.0800%) TLS13: 1942038 (4.7000% / 8.7600% / 10.9100%)
2019_07.json: data/_com-net-org  Domains: 140544542 443open: 73801473 (52.5100%) TLSany: 61854171 (44.0100%) TLS13: 7353040 (5.2300% / 9.9600% / 11.8800%)
2019_08.json: data/_com-net-org  Domains: 140427319 443open: 73971191 (52.6700%) TLSany: 61795719 (44.0000%) TLS13: 7978111 (5.6800% / 10.7800% / 12.9100%)
2019_09.json: data/_com-net-org  Domains: 140596750 443open: 74076529 (52.6800%) TLSany: 62040263 (44.1200%) TLS13: 8264166 (5.8700% / 11.1500% / 13.3200%)
2019_10.json: data/_com-net-org  Domains: 141101885 443open: 74558686 (52.8400%) TLSany: 62596804 (44.3600%) TLS13: 9516009 (6.7400% / 12.7600% / 15.2000%)
2019_11.json: data/_com-net-org  Domains: 139212691 443open: 70224190 (50.4400%) TLSany: 55147359 (39.6100%) TLS13: 8967857 (6.4400% / 12.7700% / 16.2600%)

data/alexa-A-www
2017_10.json: data/alexa-A-www  Domains: 1023570 443open: 847798 (82.8200%) TLSany: 464243 (45.3500%) TLS13: 107784 (10.5300% / 12.7100% / 23.2100%)
2017_11.json: data/alexa-A-www  Domains: 1204730 443open: 997827 (82.8200%) TLSany: 556747 (46.2100%) TLS13: 129337 (10.7300% / 12.9600% / 23.2300%)
2017_12.json: data/alexa-A-www  Domains: 1217235 443open: 1006506 (82.6800%) TLSany: 551780 (45.3300%) TLS13: 132650 (10.8900% / 13.1700% / 24.0400%)
2018_01.json: data/alexa-A-www  Domains: 1585562 443open: 1322309 (83.3900%) TLSany: 631214 (39.8100%) TLS13: 125859 (7.9300% / 9.5100% / 19.9300%)
2018_02.json: data/alexa-A-www  Domains: 954497 443open: 811108 (84.9700%) TLSany: 751383 (78.7200%) TLS13: 92712 (9.7100% / 11.4300% / 12.3300%)
2018_03.json: data/alexa-A-www  Domains: 6552660 443open: 5624557 (85.8300%) TLSany: 5122732 (78.1700%) TLS13: 429593 (6.5500% / 7.6300% / 8.3800%)
2018_04.json: data/alexa-A-www  Domains: 6293434 443open: 5399135 (85.7800%) TLSany: 4948329 (78.6200%) TLS13: 423216 (6.7200% / 7.8300% / 8.5500%)
2018_05.json: data/alexa-A-www  Domains: 6404753 443open: 5511987 (86.0600%) TLSany: 5062875 (79.0400%) TLS13: 441383 (6.8900% / 8.0000% / 8.7100%)
2018_06.json: data/alexa-A-www  Domains: 6085895 443open: 5183098 (85.1600%) TLSany: 4771127 (78.3900%) TLS13: 440391 (7.2300% / 8.4900% / 9.2300%)
2018_07.json: data/alexa-A-www  Domains: 7242599 443open: 6162819 (85.0900%) TLSany: 5678182 (78.3900%) TLS13: 585774 (8.0800% / 9.5000% / 10.3100%)
2018_08.json: data/alexa-A-www  Domains: 6162039 443open: 5275002 (85.6000%) TLSany: 4888732 (79.3300%) TLS13: 594338 (9.6400% / 11.2600% / 12.1500%)
2018_09.json: data/alexa-A-www  Domains: 6267849 443open: 5356787 (85.4600%) TLSany: 4970714 (79.3000%) TLS13: 611141 (9.7500% / 11.4000% / 12.2900%)
2018_10.json: data/alexa-A-www  Domains: 6672276 443open: 5690998 (85.2900%) TLSany: 5288293 (79.2500%) TLS13: 635760 (9.5200% / 11.1700% / 12.0200%)
2018_11.json: data/alexa-A-www  Domains: 6506870 443open: 5541903 (85.1700%) TLSany: 5166078 (79.3900%) TLS13: 641440 (9.8500% / 11.5700% / 12.4100%)
2018_12.json: data/alexa-A-www  Domains: 6655366 443open: 5736605 (86.1900%) TLSany: 5347834 (80.3500%) TLS13: 671078 (10.0800% / 11.6900% / 12.5400%)
2019_01.json: data/alexa-A-www  Domains: 6842938 443open: 5912831 (86.4000%) TLSany: 5525842 (80.7500%) TLS13: 554587 (8.1000% / 9.3700% / 10.0300%)
2019_02.json: data/alexa-A-www  Domains: 6389570 443open: 5512363 (86.2700%) TLSany: 5175038 (80.9900%) TLS13: 473826 (7.4100% / 8.5900% / 9.1500%)
2019_03.json: data/alexa-A-www  Domains: 7154060 443open: 6182778 (86.4200%) TLSany: 5800417 (81.0700%) TLS13: 945921 (13.2200% / 15.2900% / 16.3000%)
2019_04.json: data/alexa-A-www  Domains: 6944507 443open: 6045453 (87.0500%) TLSany: 5670081 (81.6400%) TLS13: 981254 (14.1200% / 16.2300% / 17.3000%)
2019_05.json: data/alexa-A-www  Domains: 5938010 443open: 5242873 (88.2900%) TLSany: 4910156 (82.6900%) TLS13: 1066259 (17.9500% / 20.3300% / 21.7100%)
2019_06.json: data/alexa-A-www  Domains: 1801925 443open: 1575229 (87.4100%) TLSany: 1484424 (82.3700%) TLS13: 344852 (19.1300% / 21.8900% / 23.2300%)
2019_07.json: data/alexa-A-www  Domains: 7273690 443open: 6307982 (86.7200%) TLSany: 5866670 (80.6500%) TLS13: 1567626 (21.5500% / 24.8500% / 26.7200%)
2019_08.json: data/alexa-A-www  Domains: 6217811 443open: 5396634 (86.7900%) TLSany: 5045041 (81.1300%) TLS13: 1513940 (24.3400% / 28.0500% / 30.0000%)
2019_09.json: data/alexa-A-www  Domains: 5909943 443open: 5132952 (86.8500%) TLSany: 4782636 (80.9200%) TLS13: 1507669 (25.5100% / 29.3700% / 31.5200%)
2019_10.json: data/alexa-A-www  Domains: 5554913 443open: 4834274 (87.0200%) TLSany: 4494834 (80.9100%) TLS13: 1442663 (25.9700% / 29.8400% / 32.0900%)

