            full/TLSv1.3draft18  SH/TLSv1.3draft18  SH/TLSv1.3draft19  \
date                                                                    
2017-10-01             0.000000           0.018754           0.000000   
2017-11-01             0.000000           0.003192           0.000000   
2017-12-01             0.000000           0.003424           0.000000   
2018-01-01             0.000000           0.003373           0.000000   
2018-02-01             0.002947           0.000000           0.000000   
2018-03-01             0.035743           0.000000           0.000000   
2018-04-01             0.039175           0.000000           0.000284   
2018-05-01             0.033591           0.000300           0.000300   
2018-06-01             0.007472           0.000000           0.000311   
2018-07-01             0.001919           0.000000           0.000274   
2018-08-01             0.001326           0.000000           0.000265   
2018-09-01             0.001048           0.000000           0.000262   
2018-10-01             0.000515           0.000000           0.000257   
2018-11-01             0.000256           0.000000           0.000000   
2018-12-01             0.000246           0.000000           0.000000   
2019-01-01             0.000251           0.000000           0.000000   
2019-02-01             0.000250           0.000000           0.000000   
2019-03-01             0.000000           0.000348           0.000000   
2019-04-01             0.000000           0.000000           0.000000   
2019-05-01             0.000000           0.000247           0.000000   
2019-06-01             0.000721           0.000000           0.000000   
2019-07-01             0.000242           0.000000           0.000000   
2019-08-01             0.000242           0.000000           0.000000   
2019-09-01             0.000239           0.000000           0.000000   
2019-10-01             0.000235           0.000000           0.000000   
2019-11-01             0.000262           0.000000           0.000000   

            full/TLSv1.3draft23  full/TLSv1.3draft28  SH/TLSv1.3draft28  \
date                                                                      
2017-10-01             0.000000             0.000000            0.00000   
2017-11-01             0.000000             0.000000            0.00000   
2017-12-01             0.000000             0.000000            0.00000   
2018-01-01             0.000000             0.000000            0.00000   
2018-02-01             0.000000             0.000000            0.00000   
2018-03-01             0.000286             0.000000            0.00000   
2018-04-01             0.001703             0.000000            0.00000   
2018-05-01             0.000600             0.000000            0.00000   
2018-06-01             0.001868             0.000000            0.00000   
2018-07-01             0.002741             0.000000            0.00000   
2018-08-01             0.021479             0.000000            0.00000   
2018-09-01             0.021214             0.000000            0.00000   
2018-10-01             0.018532             0.000000            0.00000   
2018-11-01             0.024048             0.000000            0.00000   
2018-12-01             0.025353             0.000000            0.00000   
2019-01-01             0.026644             0.000000            0.00000   
2019-02-01             0.002747             0.007241            0.00000   
2019-03-01             0.000000             0.005565            0.00000   
2019-04-01             0.000000             0.003932            0.00000   
2019-05-01             0.000000             0.001483            0.00593   
2019-06-01             0.000000             0.005766            0.00000   
2019-07-01             0.000000             0.007027            0.00000   
2019-08-01             0.000000             0.007250            0.00000   
2019-09-01             0.000000             0.007168            0.00000   
2019-10-01             0.000000             0.006822            0.00000   
2019-11-01             0.000000             0.007597            0.00000   

            full/TLSv1.3  SH/TLSv1.3  
date                                  
2017-10-01      0.000000    0.000000  
2017-11-01      0.000000    0.000000  
2017-12-01      0.000000    0.000000  
2018-01-01      0.000000    0.000000  
2018-02-01      0.000000    0.000000  
2018-03-01      0.000000    0.000000  
2018-04-01      0.000000    0.000000  
2018-05-01      0.000000    0.000000  
2018-06-01      0.000000    0.000000  
2018-07-01      0.000000    0.000000  
2018-08-01      0.000000    0.000000  
2018-09-01      0.000000    0.000000  
2018-10-01      0.000000    0.000000  
2018-11-01      0.000000    0.000000  
2018-12-01      0.000000    0.000000  
2019-01-01      0.000000    0.000000  
2019-02-01      0.160299    0.001997  
2019-03-01      0.308134    0.001391  
2019-04-01      0.730415    0.002949  
2019-05-01      0.587575    0.104024  
2019-06-01      0.925439    0.017298  
2019-07-01      0.874036    0.012358  
2019-08-01      0.788536    0.005558  
2019-09-01      0.988415    0.015530  
2019-10-01      1.150553    0.017643  
2019-11-01      1.203497    0.020696  
