            full/TLSv1.3draft18  SH/TLSv1.3draft18  SH/TLSv1.3draft19  \
date                                                                    
2017-10-01             0.000000           1.283505           0.000000   
2017-11-01             0.000000           1.596509           0.000000   
2017-12-01             0.000000           1.562454           0.000000   
2018-01-01             0.000000           1.595303           0.000000   
2018-02-01             1.666205           0.014604           0.002738   
2018-03-01             1.714268           0.010465           0.003205   
2018-04-01             1.723924           0.011417           0.003176   
2018-05-01             1.606941           0.010380           0.003297   
2018-06-01             1.628735           0.005864           0.003263   
2018-07-01             0.861599           0.004728           0.003152   
2018-08-01             0.343003           0.001458           0.003443   
2018-09-01             0.195134           0.000587           0.003440   
2018-10-01             0.146544           0.001117           0.000270   
2018-11-01             0.099923           0.000434           0.000000   
2018-12-01             0.080708           0.000352           0.000000   
2019-01-01             0.064590           0.000427           0.000000   
2019-02-01             0.097989           0.000885           0.000000   
2019-03-01             0.000000           0.095432           0.000000   
2019-04-01             0.000000           0.037320           0.000000   
2019-05-01             0.000000           0.068472           0.000000   
2019-06-01             0.061511           0.000125           0.000000   
2019-07-01             0.064180           0.000039           0.000000   
2019-08-01             0.064308           0.000079           0.000000   
2019-09-01             0.063865           0.000079           0.000000   
2019-10-01             0.064976           0.000078           0.000000   
2019-11-01             0.075779           0.000047           0.000000   

            SH/TLSv1.3draft21  full/TLSv1.3draft23  SH/TLSv1.3draft23  \
date                                                                    
2017-10-01           0.000000             0.000000           0.000000   
2017-11-01           0.000000             0.000000           0.000000   
2017-12-01           0.000000             0.000000           0.000000   
2018-01-01           0.000000             0.000000           0.000000   
2018-02-01           0.003309             0.000000           0.000000   
2018-03-01           0.001623             0.002109           0.000081   
2018-04-01           0.001608             0.002171           0.000080   
2018-05-01           0.001872             0.002198           0.000204   
2018-06-01           0.004056             0.002381           0.021251   
2018-07-01           0.003625             0.002600           0.616897   
2018-08-01           0.003767             0.213238           1.021029   
2018-09-01           0.004070             0.823792           0.613302   
2018-10-01           0.003507             0.918302           0.375860   
2018-11-01           0.000000             1.347699           0.352136   
2018-12-01           0.000000             1.972429           0.200615   
2019-01-01           0.000000             1.988821           0.190936   
2019-02-01           0.000000             0.509906           0.140254   
2019-03-01           0.000000             0.000000           0.262672   
2019-04-01           0.000000             0.000000           0.050905   
2019-05-01           0.000000             0.000000           0.069564   
2019-06-01           0.000000             0.038507           0.000375   
2019-07-01           0.000000             0.038338           0.000427   
2019-08-01           0.000000             0.003267           0.000000   
2019-09-01           0.000000             0.002317           0.000000   
2019-10-01           0.000000             0.002152           0.000039   
2019-11-01           0.000000             0.002523           0.000000   

            full/TLSv1.3draft28  SH/TLSv1.3draft28  full/TLSv1.3  SH/TLSv1.3  
date                                                                          
2017-10-01             0.000000           0.000000      0.000000    0.000000  
2017-11-01             0.000000           0.000000      0.000000    0.000000  
2017-12-01             0.000000           0.000000      0.000000    0.000000  
2018-01-01             0.000000           0.000000      0.000000    0.000000  
2018-02-01             0.000000           0.000000      0.000000    0.000000  
2018-03-01             0.000000           0.000000      0.000000    0.000000  
2018-04-01             0.000000           0.000000      0.000000    0.000000  
2018-05-01             0.000000           0.000000      0.000000    0.000000  
2018-06-01             0.000000           0.000000      0.000000    0.000000  
2018-07-01             0.000000           0.000000      0.000000    0.000000  
2018-08-01             0.000000           0.000000      0.000000    0.000000  
2018-09-01             0.000000           0.000000      0.000000    0.000000  
2018-10-01             0.000000           0.000000      0.000000    0.000000  
2018-11-01             0.000000           0.000000      0.000000    0.000000  
2018-12-01             0.000000           0.000000      0.000000    0.000000  
2019-01-01             0.000000           0.000000      0.000000    0.000000  
2019-02-01             0.002307           0.000000      2.220989    0.014498  
2019-03-01             0.002939           0.000000      2.450112    0.018299  
2019-04-01             0.004528           0.000000      2.647358    0.018894  
2019-05-01             0.001404           0.000195      1.991024    1.207927  
2019-06-01             0.001875           0.000000      3.049306    0.040257  
2019-07-01             0.001436           0.000000      4.027575    0.028210  
2019-08-01             0.000984           0.000000      4.251250    0.030344  
2019-09-01             0.000628           0.000000      4.359869    0.031736  
2019-10-01             0.000509           0.000000      4.743644    0.033446  
2019-11-01             0.000467           0.000000      4.633504    0.032657  
