            full/TLSv1.3draft18  SH/TLSv1.3draft18  full/TLSv1.3draft21  \
date                                                                      
2017-10-01             0.000000           0.056507             0.000000   
2017-11-01             0.000000           0.075959             0.000000   
2017-12-01             0.000000           0.059665             0.000000   
2018-01-01             0.000000           0.055236             0.000000   
2018-02-01             0.046123           0.012527             0.000000   
2018-03-01             0.074394           0.000265             0.000265   
2018-04-01             0.097538           0.000442             0.000221   
2018-05-01             0.099330           0.000428             0.000214   
2018-06-01             0.093104           0.000441             0.000221   
2018-07-01             0.097311           0.000750             0.000187   
2018-08-01             0.082683           0.000897             0.000359   
2018-09-01             0.052041           0.000336             0.000168   
2018-10-01             0.045968           0.000319             0.000160   
2018-11-01             0.026274           0.000324             0.000000   
2018-12-01             0.016676           0.000154             0.000000   
2019-01-01             0.014782           0.000149             0.000000   
2019-02-01             0.014610           0.000149             0.000000   
2019-03-01             0.000000           0.012113             0.000000   
2019-04-01             0.000000           0.007502             0.000000   
2019-05-01             0.000000           0.007513             0.000000   
2019-06-01             0.004373           0.000000             0.000000   
2019-07-01             0.006282           0.000000             0.000000   
2019-08-01             0.005209           0.000000             0.000000   
2019-09-01             0.005189           0.000000             0.000000   
2019-10-01             0.005256           0.000000             0.000000   
2019-11-01             0.005271           0.000142             0.000000   

            full/TLSv1.3draft22  full/TLSv1.3draft23  SH/TLSv1.3draft23  \
date                                                                      
2017-10-01             0.000000             0.000000           0.000000   
2017-11-01             0.000000             0.000000           0.000000   
2017-12-01             0.000000             0.000000           0.000000   
2018-01-01             0.000000             0.000000           0.000000   
2018-02-01             0.000000             0.000000           0.000000   
2018-03-01             0.000794             0.005030           0.000529   
2018-04-01             0.001327             0.004645           0.000885   
2018-05-01             0.000214             0.004710           0.002355   
2018-06-01             0.000221             0.004412           0.001544   
2018-07-01             0.001312             0.004875           0.003750   
2018-08-01             0.000179             0.013452           0.011838   
2018-09-01             0.000504             0.036261           0.008394   
2018-10-01             0.000479             0.045649           0.007183   
2018-11-01             0.000162             0.403026           0.005514   
2018-12-01             0.000000             0.439759           0.004169   
2019-01-01             0.000000             0.465562           0.003733   
2019-02-01             0.000000             0.086912           0.001938   
2019-03-01             0.000000             0.000000           0.002184   
2019-04-01             0.000000             0.000000           0.002679   
2019-05-01             0.000000             0.000000           0.001682   
2019-06-01             0.000000             0.001590           0.000000   
2019-07-01             0.000000             0.001683           0.000000   
2019-08-01             0.000000             0.001552           0.000000   
2019-09-01             0.000000             0.001767           0.000000   
2019-10-01             0.000000             0.000836           0.000000   
2019-11-01             0.000000             0.000855           0.000000   

            full/TLSv1.3draft28  SH/TLSv1.3draft28  full/TLSv1.3  SH/TLSv1.3  
date                                                                          
2017-10-01             0.000000           0.000000      0.000000    0.000000  
2017-11-01             0.000000           0.000000      0.000000    0.000000  
2017-12-01             0.000000           0.000000      0.000000    0.000000  
2018-01-01             0.000000           0.000000      0.000000    0.000000  
2018-02-01             0.000000           0.000000      0.000000    0.000000  
2018-03-01             0.000000           0.000000      0.000000    0.000000  
2018-04-01             0.000000           0.000000      0.000000    0.000000  
2018-05-01             0.000000           0.000000      0.000000    0.000000  
2018-06-01             0.000000           0.000000      0.000000    0.000000  
2018-07-01             0.000000           0.000000      0.000000    0.000000  
2018-08-01             0.000000           0.000000      0.000000    0.000000  
2018-09-01             0.000000           0.000000      0.000000    0.000000  
2018-10-01             0.000000           0.000000      0.000000    0.000000  
2018-11-01             0.000000           0.000000      0.000000    0.000000  
2018-12-01             0.000000           0.000000      0.000000    0.000000  
2019-01-01             0.000000           0.000000      0.000000    0.000000  
2019-02-01             0.010584           0.000000      7.542107    0.103459  
2019-03-01             0.012510           0.000000      9.688366    0.143962  
2019-04-01             0.010181           0.000000     13.393350    0.094848  
2019-05-01             0.006055           0.003364      6.780794    4.038963  
2019-06-01             0.004770           0.000398     12.814845    0.259986  
2019-07-01             0.004375           0.000112     14.926096    0.220544  
2019-08-01             0.002438           0.000111     18.018838    0.282190  
2019-09-01             0.001767           0.000110     19.304119    0.300863  
2019-10-01             0.002509           0.000239     22.035644    0.341050  
2019-11-01             0.002422           0.000142     22.768903    0.653463  
