            full/TLSv1.3  SH/TLSv1.3
date                                
2017-10-01      0.000000    0.000000
2017-11-01      0.000000    0.000000
2017-12-01      0.000000    0.000000
2018-01-01      0.000000    0.000000
2018-02-01      0.000000    0.000000
2018-03-01      0.000000    0.000000
2018-04-01      0.000000    0.000000
2018-05-01      0.000000    0.000000
2018-06-01      0.000000    0.000000
2018-07-01      0.000000    0.000000
2018-08-01      0.000000    0.000000
2018-09-01      0.000000    0.000000
2018-10-01      0.000000    0.000000
2018-11-01      0.000000    0.000000
2018-12-01      0.000000    0.000000
2019-01-01      0.000000    0.000000
2019-02-01     69.492477    7.887189
2019-03-01     79.958776    9.167232
2019-04-01     84.588702    4.724149
2019-05-01     46.968938   42.709127
2019-06-01     82.606604    6.062429
2019-07-01     84.569458    5.461465
2019-08-01     84.536905    5.500085
2019-09-01     84.667515    5.345697
2019-10-01     84.509271    5.574784
2019-11-01     84.114411    5.896286
