            full/TLSv1.3draft18  SH/TLSv1.3draft18  full/TLSv1.3draft23  \
date                                                                      
2017-10-01             0.000000           0.042778             0.000000   
2017-11-01             0.000000           0.020904             0.000000   
2017-12-01             0.000000           0.027581             0.000000   
2018-01-01             0.000000           0.027989             0.000000   
2018-02-01             0.023519           0.000594             0.000000   
2018-03-01             0.027114           0.000253             0.003284   
2018-04-01             0.029702           0.000164             0.003492   
2018-05-01             0.039539           0.000121             0.193341   
2018-06-01             0.035373           0.000000             0.074766   
2018-07-01             0.008976           0.000000             0.068029   
2018-08-01             0.000691           0.000000             0.074566   
2018-09-01             0.000369           0.000000             0.015440   
2018-10-01             0.000327           0.000000             0.031200   
2018-11-01             0.000323           0.000000             0.068534   
2018-12-01             0.000279           0.000000             0.064832   
2019-01-01             0.000112           0.000000             0.026484   
2019-02-01             0.000062           0.000015             0.005658   
2019-03-01             0.000000           0.000104             0.000000   
2019-04-01             0.000000           0.000228             0.000000   
2019-05-01             0.000000           0.000077             0.000000   
2019-06-01             0.000042           0.000000             0.006121   
2019-07-01             0.000035           0.000000             0.005727   
2019-08-01             0.000023           0.000000             0.005885   
2019-09-01             0.000027           0.000000             0.007437   
2019-10-01             0.000027           0.000000             0.007415   
2019-11-01             0.000042           0.000000             0.001323   

            SH/TLSv1.3draft23  full/TLSv1.3draft28  full/TLSv1.3  SH/TLSv1.3  
date                                                                          
2017-10-01           0.000000             0.000000      0.000000    0.000000  
2017-11-01           0.000000             0.000000      0.000000    0.000000  
2017-12-01           0.000000             0.000000      0.000000    0.000000  
2018-01-01           0.000000             0.000000      0.000000    0.000000  
2018-02-01           0.000000             0.000000      0.000000    0.000000  
2018-03-01           0.000295             0.000000      0.000000    0.000000  
2018-04-01           0.000370             0.000000      0.000000    0.000000  
2018-05-01           0.002015             0.000000      0.000000    0.000000  
2018-06-01           0.000762             0.000000      0.000000    0.000000  
2018-07-01           0.016372             0.000000      0.000000    0.000000  
2018-08-01           0.041489             0.000000      0.000000    0.000000  
2018-09-01           0.036052             0.000000      0.000000    0.000000  
2018-10-01           0.022764             0.000000      0.000000    0.000000  
2018-11-01           0.032277             0.000000      0.000000    0.000000  
2018-12-01           0.022007             0.000000      0.000000    0.000000  
2019-01-01           0.009542             0.000000      0.000000    0.000000  
2019-02-01           0.009137             0.000170      0.174562    0.007282  
2019-03-01           0.009735             0.000250      0.217530    0.007738  
2019-04-01           0.004665             0.000683      4.275132    0.002844  
2019-05-01           0.010798             0.000256      3.881203    3.692741  
2019-06-01           0.000083             0.000125      3.168084    0.014157  
2019-07-01           0.000000             0.000164      6.223879    0.022266  
2019-08-01           0.000000             0.000113     10.538249    0.281658  
2019-09-01           0.000014             0.000110     13.228764    0.385989  
2019-10-01           0.000000             0.000108     13.113692    0.410260  
2019-11-01           0.000000             0.000126     11.789986    0.470160  
