            SH/TLSv1.3draft18  full/TLSv1.3draft22  SH/TLSv1.3draft22  \
date                                                                    
2017-10-01          87.953376             0.000000           0.000000   
2017-11-01          78.556641             0.000000           0.000000   
2017-12-01          78.544750             0.000000           0.000000   
2018-01-01          73.494073             0.000000           0.000000   
2018-02-01           0.000000            73.266130           1.446902   
2018-03-01           0.000000             1.251924           0.030213   
2018-04-01           0.000000             0.000000           0.000000   
2018-05-01           0.000000             0.000000           0.000000   
2018-06-01           0.000000             0.000000           0.000000   
2018-07-01           0.000000             0.000000           0.000000   
2018-08-01           0.000000             0.000000           0.000000   
2018-09-01           0.000000             0.000000           0.000000   
2018-10-01           0.000000             0.000000           0.000000   
2018-11-01           0.000000             0.000000           0.000000   
2018-12-01           0.000000             0.000000           0.000000   
2019-01-01           0.000000             0.000000           0.000000   
2019-02-01           0.000000             0.000000           0.000000   
2019-03-01           0.000000             0.000000           0.000000   
2019-04-01           0.000000             0.000000           0.000000   
2019-05-01           0.000000             0.000000           0.000000   
2019-06-01           0.000000             0.000000           0.000000   
2019-07-01           0.000000             0.000000           0.000000   
2019-08-01           0.000000             0.000000           0.000000   
2019-09-01           0.000000             0.000000           0.000000   
2019-10-01           0.000000             0.000000           0.000000   
2019-11-01           0.000000             0.000000           0.000000   

            full/TLSv1.3draft23  SH/TLSv1.3draft23  full/TLSv1.3  SH/TLSv1.3  
date                                                                          
2017-10-01             0.000000           0.000000      0.000000    0.000000  
2017-11-01             0.000000           0.000000      0.000000    0.000000  
2017-12-01             0.000000           0.000000      0.000000    0.000000  
2018-01-01             0.000000           0.000000      0.000000    0.000000  
2018-02-01             0.000000           0.000000      0.000000    0.000000  
2018-03-01            73.818625           1.058832      0.000000    0.000000  
2018-04-01            73.128350           1.008556      0.000000    0.000000  
2018-05-01            79.522371           0.872467      0.000000    0.000000  
2018-06-01            80.785696           0.916137      0.000000    0.000000  
2018-07-01            81.803496           1.014662      0.000000    0.000000  
2018-08-01            80.218974           0.989456      0.000000    0.000000  
2018-09-01            79.924929           1.208771      0.000000    0.000000  
2018-10-01            79.152964           1.354742      0.000000    0.000000  
2018-11-01            78.073557           1.506301      0.000000    0.000000  
2018-12-01            78.958344           1.464232      0.000000    0.000000  
2019-01-01            78.985752           1.146916      0.000000    0.000000  
2019-02-01             0.000000           0.000000     63.966105    1.369605  
2019-03-01             0.000000           0.000000     77.165237    1.422079  
2019-04-01             0.000000           0.000000     79.399325    1.077267  
2019-05-01             0.000000           0.000000     47.420774   17.705411  
2019-06-01             0.000000           0.000000      0.000000   84.688369  
2019-07-01             0.000000           0.000000      0.000525   76.682850  
2019-08-01             0.000000           0.000000      0.000634   74.895765  
2019-09-01             0.000000           0.000000      0.000614   75.567418  
2019-10-01             0.000000           0.000000      1.611141   81.128770  
2019-11-01             0.000000           0.000000     82.378396    1.155667  
