            full/TLSv1.3draft18  SH/TLSv1.3draft18  SH/TLSv1.3draft19  \
date                                                                    
2017-10-01             0.000000           4.180720           0.000000   
2017-11-01             0.000000           3.571412           0.000000   
2017-12-01             0.000000           4.145341           0.000000   
2018-01-01             0.000000           3.775699           0.000000   
2018-02-01             1.014907           0.517865           0.000000   
2018-03-01             1.593480           0.009665           0.000049   
2018-04-01             1.565781           0.013447           0.000057   
2018-05-01             1.437700           0.035396           0.000063   
2018-06-01             1.428040           0.007990           0.000097   
2018-07-01             0.994242           0.007271           0.000043   
2018-08-01             0.684254           0.006524           0.000043   
2018-09-01             0.523112           0.005160           0.000056   
2018-10-01             0.492016           0.005823           0.000009   
2018-11-01             0.425197           0.005263           0.000000   
2018-12-01             0.409059           0.004372           0.000000   
2019-01-01             0.338476           0.004458           0.000000   
2019-02-01             0.294539           0.009085           0.000000   
2019-03-01             0.000000           0.275465           0.000000   
2019-04-01             0.000000           0.240794           0.000000   
2019-05-01             0.000000           0.286285           0.000000   
2019-06-01             0.360136           0.004662           0.000000   
2019-07-01             0.188004           0.002474           0.000000   
2019-08-01             0.163790           0.001943           0.000000   
2019-09-01             0.161501           0.001875           0.000000   
2019-10-01             0.161291           0.001995           0.000000   
2019-11-01             0.547734           0.006486           0.000000   

            full/TLSv1.3draft21  SH/TLSv1.3draft21  full/TLSv1.3draft22  \
date                                                                      
2017-10-01             0.000000           0.000000             0.000000   
2017-11-01             0.000000           0.000000             0.000000   
2017-12-01             0.000000           0.000000             0.000000   
2018-01-01             0.000000           0.000000             0.000000   
2018-02-01             0.000776           0.000023             2.198539   
2018-03-01             0.000694           0.000049             0.272743   
2018-04-01             0.000648           0.000034             0.082748   
2018-05-01             0.000050           0.000000             0.000063   
2018-06-01             0.000000           0.000000             0.000072   
2018-07-01             0.000000           0.000000             0.000129   
2018-08-01             0.000011           0.000043             0.000054   
2018-09-01             0.000000           0.000047             0.000056   
2018-10-01             0.000000           0.000351             0.000055   
2018-11-01             0.000000           0.000000             0.000000   
2018-12-01             0.000000           0.000000             0.000000   
2019-01-01             0.000000           0.000000             0.000000   
2019-02-01             0.000000           0.000000             0.000000   
2019-03-01             0.000000           0.000009             0.000000   
2019-04-01             0.000000           0.000008             0.000000   
2019-05-01             0.000000           0.000000             0.000000   
2019-06-01             0.000000           0.000000             0.000000   
2019-07-01             0.000000           0.000000             0.000000   
2019-08-01             0.000000           0.000000             0.000000   
2019-09-01             0.000000           0.000000             0.000000   
2019-10-01             0.000000           0.000000             0.000000   
2019-11-01             0.000000           0.000000             0.000000   

            SH/TLSv1.3draft22  full/TLSv1.3draft23  SH/TLSv1.3draft23  \
date                                                                    
2017-10-01           0.000000             0.000000           0.000000   
2017-11-01           0.000000             0.000000           0.000000   
2017-12-01           0.000000             0.000000           0.000000   
2018-01-01           0.000000             0.000000           0.000000   
2018-02-01           0.108084             0.000000           0.000000   
2018-03-01           0.004857             2.783024           0.087129   
2018-04-01           0.000250             2.919679           0.047807   
2018-05-01           0.000000             2.937153           0.027940   
2018-06-01           0.000000             3.578615           0.106376   
2018-07-01           0.000000             4.219393           0.525109   
2018-08-01           0.000000             6.736145           0.532029   
2018-09-01           0.000000             8.755194           0.473035   
2018-10-01           0.000000             8.322604           0.269046   
2018-11-01           0.000000             8.162752           0.264747   
2018-12-01           0.000000             8.588109           0.228230   
2019-01-01           0.000000             8.823743           0.179850   
2019-02-01           0.000000             2.590488           0.084368   
2019-03-01           0.000000             0.000000           0.091806   
2019-04-01           0.000000             0.000000           0.080371   
2019-05-01           0.000000             0.000000           0.079988   
2019-06-01           0.000000             0.021792           0.000179   
2019-07-01           0.000000             0.075210           0.000540   
2019-08-01           0.000000             0.035627           0.000140   
2019-09-01           0.000000             0.034259           0.000060   
2019-10-01           0.000000             0.034237           0.000118   
2019-11-01           0.000000             0.003984           0.000062   

            full/TLSv1.3draft26  full/TLSv1.3draft28  SH/TLSv1.3draft28  \
date                                                                      
2017-10-01             0.000000             0.000000           0.000000   
2017-11-01             0.000000             0.000000           0.000000   
2017-12-01             0.000000             0.000000           0.000000   
2018-01-01             0.000000             0.000000           0.000000   
2018-02-01             0.000000             0.000000           0.000000   
2018-03-01             0.000000             0.000000           0.000000   
2018-04-01             0.000000             0.000000           0.000000   
2018-05-01             0.000000             0.000000           0.000000   
2018-06-01             0.000000             0.000000           0.000000   
2018-07-01             0.000000             0.000000           0.000000   
2018-08-01             0.000000             0.000000           0.000000   
2018-09-01             0.000000             0.000000           0.000000   
2018-10-01             0.000000             0.000000           0.000000   
2018-11-01             0.000000             0.000000           0.000000   
2018-12-01             0.000000             0.000000           0.000000   
2019-01-01             0.000000             0.000000           0.000000   
2019-02-01             0.000010             0.002594           0.000073   
2019-03-01             0.000821             0.004583           0.000075   
2019-04-01             0.002984             0.004032           0.000032   
2019-05-01             0.000080             0.002659           0.000273   
2019-06-01             0.001036             0.002661           0.000071   
2019-07-01             0.000140             0.002341           0.000042   
2019-08-01             0.000096             0.002194           0.000037   
2019-09-01             0.000000             0.001709           0.000023   
2019-10-01             0.000000             0.001948           0.000032   
2019-11-01             0.000000             0.002285           0.000031   

            full/TLSv1.3  SH/TLSv1.3  
date                                  
2017-10-01      0.000000    0.000000  
2017-11-01      0.000000    0.000000  
2017-12-01      0.000000    0.000000  
2018-01-01      0.000000    0.000000  
2018-02-01      0.000000    0.000000  
2018-03-01      0.000000    0.000000  
2018-04-01      0.000000    0.000000  
2018-05-01      0.000000    0.000000  
2018-06-01      0.000000    0.000000  
2018-07-01      0.000000    0.000000  
2018-08-01      0.000000    0.000000  
2018-09-01      0.000000    0.000000  
2018-10-01      0.000000    0.000000  
2018-11-01      0.000000    0.000000  
2018-12-01      0.000000    0.000000  
2019-01-01      0.000000    0.000000  
2019-02-01      5.156795    0.101486  
2019-03-01     11.307982    0.133658  
2019-04-01     12.704424    0.121741  
2019-05-01     10.518803    2.398776  
2019-06-01     10.817563    5.194221  
2019-07-01     11.852992    8.086096  
2019-08-01     12.917304    8.522214  
2019-09-01     13.339755    8.668077  
2019-10-01     15.903241    8.001313  
2019-11-01     19.005074    0.194911  
